{"meta": {"format": 3, "version": "7.11.0", "timestamp": "2025-11-01T19:10:48.630452", "branch_coverage": false, "show_contexts": false}, "files": {"astrbot/__init__.py": {"executed_lines": [1, 3], "summary": {"covered_lines": 2, "num_statements": 2, "percent_covered": 100.0, "percent_covered_display": "100", "missing_lines": 0, "excluded_lines": 0}, "missing_lines": [], "excluded_lines": [], "functions": {"": {"executed_lines": [1, 3], "summary": {"covered_lines": 2, "num_statements": 2, "percent_covered": 100.0, "percent_covered_display": "100", "missing_lines": 0, "excluded_lines": 0}, "missing_lines": [], "excluded_lines": []}}, "classes": {"": {"executed_lines": [1, 3], "summary": {"covered_lines": 2, "num_statements": 2, "percent_covered": 100.0, "percent_covered_display": "100", "missing_lines": 0, "excluded_lines": 0}, "missing_lines": [], "excluded_lines": []}}}, "astrbot/api/__init__.py": {"executed_lines": [1, 2, 3, 4, 5, 6, 7, 9], "summary": {"covered_lines": 8, "num_statements": 8, "percent_covered": 100.0, "percent_covered_display": "100", "missing_lines": 0, "excluded_lines": 0}, "missing_lines": [], "excluded_lines": [], "functions": {"": {"executed_lines": [1, 2, 3, 4, 5, 6, 7, 9], "summary": {"covered_lines": 8, "num_statements": 8, "percent_covered": 100.0, "percent_covered_display": "100", "missing_lines": 0, "excluded_lines": 0}, "missing_lines": [], "excluded_lines": []}}, "classes": {"": {"executed_lines": [1, 2, 3, 4, 5, 6, 7, 9], "summary": {"covered_lines": 8, "num_statements": 8, "percent_covered": 100.0, "percent_covered_display": "100", "missing_lines": 0, "excluded_lines": 0}, "missing_lines": [], "excluded_lines": []}}}, "astrbot/api/all.py": {"executed_lines": [], "summary": {"covered_lines": 0, "num_statements": 16, "percent_covered": 0.0, "percent_covered_display": "0", "missing_lines": 16, "excluded_lines": 0}, "missing_lines": [1, 2, 3, 4, 7, 13, 16, 23, 27, 31, 34, 35, 39, 42, 51, 53], "excluded_lines": [], "functions": {"": {"executed_lines": [], "summary": {"covered_lines": 0, "num_statements": 16, "percent_covered": 0.0, "percent_covered_display": "0", "missing_lines": 16, "excluded_lines": 0}, "missing_lines": [1, 2, 3, 4, 7, 13, 16, 23, 27, 31, 34, 35, 39, 42, 51, 53], "excluded_lines": []}}, "classes": {"": {"executed_lines": [], "summary": {"covered_lines": 0, "num_statements": 16, "percent_covered": 0.0, "percent_covered_display": "0", "missing_lines": 16, "excluded_lines": 0}, "missing_lines": [1, 2, 3, 4, 7, 13, 16, 23, 27, 31, 34, 35, 39, 42, 51, 53], "excluded_lines": []}}}, "astrbot/api/event/__init__.py": {"executed_lines": [1, 8, 10], "summary": {"covered_lines": 3, "num_statements": 3, "percent_covered": 100.0, "percent_covered_display": "100", "missing_lines": 0, "excluded_lines": 0}, "missing_lines": [], "excluded_lines": [], "functions": {"": {"executed_lines": [1, 8, 10], "summary": {"covered_lines": 3, "num_statements": 3, "percent_covered": 100.0, "percent_covered_display": "100", "missing_lines": 0, "excluded_lines": 0}, "missing_lines": [], "excluded_lines": []}}, "classes": {"": {"executed_lines": [1, 8, 10], "summary": {"covered_lines": 3, "num_statements": 3, "percent_covered": 100.0, "percent_covered_display": "100", "missing_lines": 0, "excluded_lines": 0}, "missing_lines": [], "excluded_lines": []}}}, "astrbot/api/event/filter/__init__.py": {"executed_lines": [1, 2, 6, 7, 11, 12, 13, 14, 15, 16, 17, 18, 21, 22, 23, 24, 25, 28, 30], "summary": {"covered_lines": 19, "num_statements": 19, "percent_covered": 100.0, "percent_covered_display": "100", "missing_lines": 0, "excluded_lines": 0}, "missing_lines": [], "excluded_lines": [], "functions": {"": {"executed_lines": [1, 2, 6, 7, 11, 12, 13, 14, 15, 16, 17, 18, 21, 22, 23, 24, 25, 28, 30], "summary": {"covered_lines": 19, "num_statements": 19, "percent_covered": 100.0, "percent_covered_display": "100", "missing_lines": 0, "excluded_lines": 0}, "missing_lines": [], "excluded_lines": []}}, "classes": {"": {"executed_lines": [1, 2, 6, 7, 11, 12, 13, 14, 15, 16, 17, 18, 21, 22, 23, 24, 25, 28, 30], "summary": {"covered_lines": 19, "num_statements": 19, "percent_covered": 100.0, "percent_covered_display": "100", "missing_lines": 0, "excluded_lines": 0}, "missing_lines": [], "excluded_lines": []}}}, "astrbot/api/message_components.py": {"executed_lines": [1], "summary": {"covered_lines": 1, "num_statements": 1, "percent_covered": 100.0, "percent_covered_display": "100", "missing_lines": 0, "excluded_lines": 0}, "missing_lines": [], "excluded_lines": [], "functions": {"": {"executed_lines": [1], "summary": {"covered_lines": 1, "num_statements": 1, "percent_covered": 100.0, "percent_covered_display": "100", "missing_lines": 0, "excluded_lines": 0}, "missing_lines": [], "excluded_lines": []}}, "classes": {"": {"executed_lines": [1], "summary": {"covered_lines": 1, "num_statements": 1, "percent_covered": 100.0, "percent_covered_display": "100", "missing_lines": 0, "excluded_lines": 0}, "missing_lines": [], "excluded_lines": []}}}, "astrbot/api/platform/__init__.py": {"executed_lines": [1, 2, 11, 13], "summary": {"covered_lines": 4, "num_statements": 4, "percent_covered": 100.0, "percent_covered_display": "100", "missing_lines": 0, "excluded_lines": 0}, "missing_lines": [], "excluded_lines": [], "functions": {"": {"executed_lines": [1, 2, 11, 13], "summary": {"covered_lines": 4, "num_statements": 4, "percent_covered": 100.0, "percent_covered_display": "100", "missing_lines": 0, "excluded_lines": 0}, "missing_lines": [], "excluded_lines": []}}, "classes": {"": {"executed_lines": [1, 2, 11, 13], "summary": {"covered_lines": 4, "num_statements": 4, "percent_covered": 100.0, "percent_covered_display": "100", "missing_lines": 0, "excluded_lines": 0}, "missing_lines": [], "excluded_lines": []}}}, "astrbot/api/provider/__init__.py": {"executed_lines": [1, 2, 9], "summary": {"covered_lines": 3, "num_statements": 3, "percent_covered": 100.0, "percent_covered_display": "100", "missing_lines": 0, "excluded_lines": 0}, "missing_lines": [], "excluded_lines": [], "functions": {"": {"executed_lines": [1, 2, 9], "summary": {"covered_lines": 3, "num_statements": 3, "percent_covered": 100.0, "percent_covered_display": "100", "missing_lines": 0, "excluded_lines": 0}, "missing_lines": [], "excluded_lines": []}}, "classes": {"": {"executed_lines": [1, 2, 9], "summary": {"covered_lines": 3, "num_statements": 3, "percent_covered": 100.0, "percent_covered_display": "100", "missing_lines": 0, "excluded_lines": 0}, "missing_lines": [], "excluded_lines": []}}}, "astrbot/api/star/__init__.py": {"executed_lines": [1, 2, 3, 7], "summary": {"covered_lines": 4, "num_statements": 4, "percent_covered": 100.0, "percent_covered_display": "100", "missing_lines": 0, "excluded_lines": 0}, "missing_lines": [], "excluded_lines": [], "functions": {"": {"executed_lines": [1, 2, 3, 7], "summary": {"covered_lines": 4, "num_statements": 4, "percent_covered": 100.0, "percent_covered_display": "100", "missing_lines": 0, "excluded_lines": 0}, "missing_lines": [], "excluded_lines": []}}, "classes": {"": {"executed_lines": [1, 2, 3, 7], "summary": {"covered_lines": 4, "num_statements": 4, "percent_covered": 100.0, "percent_covered_display": "100", "missing_lines": 0, "excluded_lines": 0}, "missing_lines": [], "excluded_lines": []}}}, "astrbot/api/util/__init__.py": {"executed_lines": [], "summary": {"covered_lines": 0, "num_statements": 2, "percent_covered": 0.0, "percent_covered_display": "0", "missing_lines": 2, "excluded_lines": 0}, "missing_lines": [1, 7], "excluded_lines": [], "functions": {"": {"executed_lines": [], "summary": {"covered_lines": 0, "num_statements": 2, "percent_covered": 0.0, "percent_covered_display": "0", "missing_lines": 2, "excluded_lines": 0}, "missing_lines": [1, 7], "excluded_lines": []}}, "classes": {"": {"executed_lines": [], "summary": {"covered_lines": 0, "num_statements": 2, "percent_covered": 0.0, "percent_covered_display": "0", "missing_lines": 2, "excluded_lines": 0}, "missing_lines": [1, 7], "excluded_lines": []}}}, "astrbot/cli/__init__.py": {"executed_lines": [], "summary": {"covered_lines": 0, "num_statements": 1, "percent_covered": 0.0, "percent_covered_display": "0", "missing_lines": 1, "excluded_lines": 0}, "missing_lines": [1], "excluded_lines": [], "functions": {"": {"executed_lines": [], "summary": {"covered_lines": 0, "num_statements": 1, "percent_covered": 0.0, "percent_covered_display": "0", "missing_lines": 1, "excluded_lines": 0}, "missing_lines": [1], "excluded_lines": []}}, "classes": {"": {"executed_lines": [], "summary": {"covered_lines": 0, "num_statements": 1, "percent_covered": 0.0, "percent_covered_display": "0", "missing_lines": 1, "excluded_lines": 0}, "missing_lines": [1], "excluded_lines": []}}}, "astrbot/cli/__main__.py": {"executed_lines": [], "summary": {"covered_lines": 0, "num_statements": 29, "percent_covered": 0.0, "percent_covered_display": "0", "missing_lines": 29, "excluded_lines": 0}, "missing_lines": [3, 5, 7, 8, 10, 20, 21, 22, 24, 25, 26, 29, 30, 31, 37, 38, 40, 41, 43, 45, 46, 49, 52, 53, 54, 55, 56, 58, 59], "excluded_lines": [], "functions": {"cli": {"executed_lines": [], "summary": {"covered_lines": 0, "num_statements": 3, "percent_covered": 0.0, "percent_covered_display": "0", "missing_lines": 3, "excluded_lines": 0}, "missing_lines": [24, 25, 26], "excluded_lines": []}, "help": {"executed_lines": [], "summary": {"covered_lines": 0, "num_statements": 8, "percent_covered": 0.0, "percent_covered_display": "0", "missing_lines": 8, "excluded_lines": 0}, "missing_lines": [37, 38, 40, 41, 43, 45, 46, 49], "excluded_lines": []}, "": {"executed_lines": [], "summary": {"covered_lines": 0, "num_statements": 18, "percent_covered": 0.0, "percent_covered_display": "0", "missing_lines": 18, "excluded_lines": 0}, "missing_lines": [3, 5, 7, 8, 10, 20, 21, 22, 29, 30, 31, 52, 53, 54, 55, 56, 58, 59], "excluded_lines": []}}, "classes": {"": {"executed_lines": [], "summary": {"covered_lines": 0, "num_statements": 29, "percent_covered": 0.0, "percent_covered_display": "0", "missing_lines": 29, "excluded_lines": 0}, "missing_lines": [3, 5, 7, 8, 10, 20, 21, 22, 24, 25, 26, 29, 30, 31, 37, 38, 40, 41, 43, 45, 46, 49, 52, 53, 54, 55, 56, 58, 59], "excluded_lines": []}}}, "astrbot/cli/commands/__init__.py": {"executed_lines": [], "summary": {"covered_lines": 0, "num_statements": 5, "percent_covered": 0.0, "percent_covered_display": "0", "missing_lines": 5, "excluded_lines": 0}, "missing_lines": [1, 2, 3, 4, 6], "excluded_lines": [], "functions": {"": {"executed_lines": [], "summary": {"covered_lines": 0, "num_statements": 5, "percent_covered": 0.0, "percent_covered_display": "0", "missing_lines": 5, "excluded_lines": 0}, "missing_lines": [1, 2, 3, 4, 6], "excluded_lines": []}}, "classes": {"": {"executed_lines": [], "summary": {"covered_lines": 0, "num_statements": 5, "percent_covered": 0.0, "percent_covered_display": "0", "missing_lines": 5, "excluded_lines": 0}, "missing_lines": [1, 2, 3, 4, 6], "excluded_lines": []}}}, "astrbot/cli/commands/cmd_conf.py": {"executed_lines": [], "summary": {"covered_lines": 0, "num_statements": 115, "percent_covered": 0.0, "percent_covered_display": "0", "missing_lines": 115, "excluded_lines": 0}, "missing_lines": [1, 2, 3, 4, 5, 7, 9, 12, 14, 15, 16, 19, 22, 24, 25, 26, 27, 28, 29, 30, 33, 35, 36, 37, 40, 42, 43, 44, 47, 49, 50, 51, 52, 53, 56, 58, 59, 60, 64, 74, 76, 77, 78, 82, 83, 84, 86, 91, 92, 93, 94, 97, 99, 101, 107, 109, 110, 111, 112, 113, 114, 117, 118, 121, 123, 124, 125, 126, 129, 130, 149, 150, 151, 152, 154, 155, 157, 159, 160, 161, 162, 163, 165, 166, 167, 168, 170, 171, 173, 174, 175, 176, 179, 180, 181, 183, 185, 186, 187, 189, 190, 191, 192, 193, 194, 195, 196, 197, 199, 200, 201, 202, 207, 208, 209], "excluded_lines": [], "functions": {"_validate_log_level": {"executed_lines": [], "summary": {"covered_lines": 0, "num_statements": 4, "percent_covered": 0.0, "percent_covered_display": "0", "missing_lines": 4, "excluded_lines": 0}, "missing_lines": [14, 15, 16, 19], "excluded_lines": []}, "_validate_dashboard_port": {"executed_lines": [], "summary": {"covered_lines": 0, "num_statements": 7, "percent_covered": 0.0, "percent_covered_display": "0", "missing_lines": 7, "excluded_lines": 0}, "missing_lines": [24, 25, 26, 27, 28, 29, 30], "excluded_lines": []}, "_validate_dashboard_username": {"executed_lines": [], "summary": {"covered_lines": 0, "num_statements": 3, "percent_covered": 0.0, "percent_covered_display": "0", "missing_lines": 3, "excluded_lines": 0}, "missing_lines": [35, 36, 37], "excluded_lines": []}, "_validate_dashboard_password": {"executed_lines": [], "summary": {"covered_lines": 0, "num_statements": 3, "percent_covered": 0.0, "percent_covered_display": "0", "missing_lines": 3, "excluded_lines": 0}, "missing_lines": [42, 43, 44], "excluded_lines": []}, "_validate_timezone": {"executed_lines": [], "summary": {"covered_lines": 0, "num_statements": 5, "percent_covered": 0.0, "percent_covered_display": "0", "missing_lines": 5, "excluded_lines": 0}, "missing_lines": [49, 50, 51, 52, 53], "excluded_lines": []}, "_validate_callback_api_base": {"executed_lines": [], "summary": {"covered_lines": 0, "num_statements": 3, "percent_covered": 0.0, "percent_covered_display": "0", "missing_lines": 3, "excluded_lines": 0}, "missing_lines": [58, 59, 60], "excluded_lines": []}, "_load_config": {"executed_lines": [], "summary": {"covered_lines": 0, "num_statements": 11, "percent_covered": 0.0, "percent_covered_display": "0", "missing_lines": 11, "excluded_lines": 0}, "missing_lines": [76, 77, 78, 82, 83, 84, 86, 91, 92, 93, 94], "excluded_lines": []}, "_save_config": {"executed_lines": [], "summary": {"covered_lines": 0, "num_statements": 2, "percent_covered": 0.0, "percent_covered_display": "0", "missing_lines": 2, "excluded_lines": 0}, "missing_lines": [99, 101], "excluded_lines": []}, "_set_nested_item": {"executed_lines": [], "summary": {"covered_lines": 0, "num_statements": 8, "percent_covered": 0.0, "percent_covered_display": "0", "missing_lines": 8, "excluded_lines": 0}, "missing_lines": [109, 110, 111, 112, 113, 114, 117, 118], "excluded_lines": []}, "_get_nested_item": {"executed_lines": [], "summary": {"covered_lines": 0, "num_statements": 4, "percent_covered": 0.0, "percent_covered_display": "0", "missing_lines": 4, "excluded_lines": 0}, "missing_lines": [123, 124, 125, 126], "excluded_lines": []}, "conf": {"executed_lines": [], "summary": {"covered_lines": 0, "num_statements": 0, "percent_covered": 100.0, "percent_covered_display": "100", "missing_lines": 0, "excluded_lines": 0}, "missing_lines": [], "excluded_lines": []}, "set_config": {"executed_lines": [], "summary": {"covered_lines": 0, "num_statements": 18, "percent_covered": 0.0, "percent_covered_display": "0", "missing_lines": 18, "excluded_lines": 0}, "missing_lines": [154, 155, 157, 159, 160, 161, 162, 163, 165, 166, 167, 168, 170, 171, 173, 174, 175, 176], "excluded_lines": []}, "get_config": {"executed_lines": [], "summary": {"covered_lines": 0, "num_statements": 20, "percent_covered": 0.0, "percent_covered_display": "0", "missing_lines": 20, "excluded_lines": 0}, "missing_lines": [183, 185, 186, 187, 189, 190, 191, 192, 193, 194, 195, 196, 197, 199, 200, 201, 202, 207, 208, 209], "excluded_lines": []}, "": {"executed_lines": [], "summary": {"covered_lines": 0, "num_statements": 27, "percent_covered": 0.0, "percent_covered_display": "0", "missing_lines": 27, "excluded_lines": 0}, "missing_lines": [1, 2, 3, 4, 5, 7, 9, 12, 22, 33, 40, 47, 56, 64, 74, 97, 107, 121, 129, 130, 149, 150, 151, 152, 179, 180, 181], "excluded_lines": []}}, "classes": {"": {"executed_lines": [], "summary": {"covered_lines": 0, "num_statements": 115, "percent_covered": 0.0, "percent_covered_display": "0", "missing_lines": 115, "excluded_lines": 0}, "missing_lines": [1, 2, 3, 4, 5, 7, 9, 12, 14, 15, 16, 19, 22, 24, 25, 26, 27, 28, 29, 30, 33, 35, 36, 37, 40, 42, 43, 44, 47, 49, 50, 51, 52, 53, 56, 58, 59, 60, 64, 74, 76, 77, 78, 82, 83, 84, 86, 91, 92, 93, 94, 97, 99, 101, 107, 109, 110, 111, 112, 113, 114, 117, 118, 121, 123, 124, 125, 126, 129, 130, 149, 150, 151, 152, 154, 155, 157, 159, 160, 161, 162, 163, 165, 166, 167, 168, 170, 171, 173, 174, 175, 176, 179, 180, 181, 183, 185, 186, 187, 189, 190, 191, 192, 193, 194, 195, 196, 197, 199, 200, 201, 202, 207, 208, 209], "excluded_lines": []}}}, "astrbot/cli/commands/cmd_init.py": {"executed_lines": [], "summary": {"covered_lines": 0, "num_statements": 30, "percent_covered": 0.0, "percent_covered_display": "0", "missing_lines": 30, "excluded_lines": 0}, "missing_lines": [1, 3, 4, 6, 9, 11, 13, 14, 15, 18, 23, 24, 26, 33, 34, 35, 37, 40, 41, 43, 44, 45, 46, 48, 49, 50, 51, 52, 54, 55], "excluded_lines": [], "functions": {"initialize_astrbot": {"executed_lines": [], "summary": {"covered_lines": 0, "num_statements": 12, "percent_covered": 0.0, "percent_covered_display": "0", "missing_lines": 12, "excluded_lines": 0}, "missing_lines": [11, 13, 14, 15, 18, 23, 24, 26, 33, 34, 35, 37], "excluded_lines": []}, "init": {"executed_lines": [], "summary": {"covered_lines": 0, "num_statements": 11, "percent_covered": 0.0, "percent_covered_display": "0", "missing_lines": 11, "excluded_lines": 0}, "missing_lines": [43, 44, 45, 46, 48, 49, 50, 51, 52, 54, 55], "excluded_lines": []}, "": {"executed_lines": [], "summary": {"covered_lines": 0, "num_statements": 7, "percent_covered": 0.0, "percent_covered_display": "0", "missing_lines": 7, "excluded_lines": 0}, "missing_lines": [1, 3, 4, 6, 9, 40, 41], "excluded_lines": []}}, "classes": {"": {"executed_lines": [], "summary": {"covered_lines": 0, "num_statements": 30, "percent_covered": 0.0, "percent_covered_display": "0", "missing_lines": 30, "excluded_lines": 0}, "missing_lines": [1, 3, 4, 6, 9, 11, 13, 14, 15, 18, 23, 24, 26, 33, 34, 35, 37, 40, 41, 43, 44, 45, 46, 48, 49, 50, 51, 52, 54, 55], "excluded_lines": []}}}, "astrbot/cli/commands/cmd_plug.py": {"executed_lines": [], "summary": {"covered_lines": 0, "num_statements": 124, "percent_covered": 0.0, "percent_covered_display": "0", "missing_lines": 124, "excluded_lines": 0}, "missing_lines": [1, 2, 3, 5, 7, 17, 18, 22, 23, 24, 25, 28, 31, 32, 33, 35, 36, 38, 39, 40, 46, 47, 48, 50, 51, 53, 54, 56, 57, 58, 59, 60, 61, 62, 63, 65, 66, 71, 73, 74, 83, 84, 87, 88, 90, 95, 96, 98, 101, 102, 103, 105, 106, 109, 112, 113, 116, 119, 120, 123, 124, 125, 128, 131, 132, 134, 138, 141, 142, 143, 144, 146, 147, 148, 150, 159, 160, 162, 165, 166, 167, 169, 170, 171, 173, 174, 176, 178, 180, 181, 182, 183, 184, 187, 188, 189, 190, 192, 193, 194, 196, 197, 206, 207, 209, 211, 215, 216, 217, 219, 220, 221, 222, 223, 226, 227, 228, 230, 231, 233, 241, 242, 243, 245], "excluded_lines": [], "functions": {"plug": {"executed_lines": [], "summary": {"covered_lines": 0, "num_statements": 0, "percent_covered": 100.0, "percent_covered_display": "100", "missing_lines": 0, "excluded_lines": 0}, "missing_lines": [], "excluded_lines": []}, "_get_data_path": {"executed_lines": [], "summary": {"covered_lines": 0, "num_statements": 4, "percent_covered": 0.0, "percent_covered_display": "0", "missing_lines": 4, "excluded_lines": 0}, "missing_lines": [23, 24, 25, 28], "excluded_lines": []}, "display_plugins": {"executed_lines": [], "summary": {"covered_lines": 0, "num_statements": 7, "percent_covered": 0.0, "percent_covered_display": "0", "missing_lines": 7, "excluded_lines": 0}, "missing_lines": [32, 33, 35, 36, 38, 39, 40], "excluded_lines": []}, "new": {"executed_lines": [], "summary": {"covered_lines": 0, "num_statements": 25, "percent_covered": 0.0, "percent_covered_display": "0", "missing_lines": 25, "excluded_lines": 0}, "missing_lines": [50, 51, 53, 54, 56, 57, 58, 59, 60, 61, 62, 63, 65, 66, 71, 73, 74, 83, 84, 87, 88, 90, 95, 96, 98], "excluded_lines": []}, "list": {"executed_lines": [], "summary": {"covered_lines": 0, "num_statements": 16, "percent_covered": 0.0, "percent_covered_display": "0", "missing_lines": 16, "excluded_lines": 0}, "missing_lines": [105, 106, 109, 112, 113, 116, 119, 120, 123, 124, 125, 128, 131, 132, 134, 138], "excluded_lines": []}, "install": {"executed_lines": [], "summary": {"covered_lines": 0, "num_statements": 7, "percent_covered": 0.0, "percent_covered_display": "0", "missing_lines": 7, "excluded_lines": 0}, "missing_lines": [146, 147, 148, 150, 159, 160, 162], "excluded_lines": []}, "remove": {"executed_lines": [], "summary": {"covered_lines": 0, "num_statements": 12, "percent_covered": 0.0, "percent_covered_display": "0", "missing_lines": 12, "excluded_lines": 0}, "missing_lines": [169, 170, 171, 173, 174, 176, 178, 180, 181, 182, 183, 184], "excluded_lines": []}, "update": {"executed_lines": [], "summary": {"covered_lines": 0, "num_statements": 17, "percent_covered": 0.0, "percent_covered_display": "0", "missing_lines": 17, "excluded_lines": 0}, "missing_lines": [192, 193, 194, 196, 197, 206, 207, 209, 211, 215, 216, 217, 219, 220, 221, 222, 223], "excluded_lines": []}, "search": {"executed_lines": [], "summary": {"covered_lines": 0, "num_statements": 7, "percent_covered": 0.0, "percent_covered_display": "0", "missing_lines": 7, "excluded_lines": 0}, "missing_lines": [230, 231, 233, 241, 242, 243, 245], "excluded_lines": []}, "": {"executed_lines": [], "summary": {"covered_lines": 0, "num_statements": 29, "percent_covered": 0.0, "percent_covered_display": "0", "missing_lines": 29, "excluded_lines": 0}, "missing_lines": [1, 2, 3, 5, 7, 17, 18, 22, 31, 46, 47, 48, 101, 102, 103, 141, 142, 143, 144, 165, 166, 167, 187, 188, 189, 190, 226, 227, 228], "excluded_lines": []}}, "classes": {"": {"executed_lines": [], "summary": {"covered_lines": 0, "num_statements": 124, "percent_covered": 0.0, "percent_covered_display": "0", "missing_lines": 124, "excluded_lines": 0}, "missing_lines": [1, 2, 3, 5, 7, 17, 18, 22, 23, 24, 25, 28, 31, 32, 33, 35, 36, 38, 39, 40, 46, 47, 48, 50, 51, 53, 54, 56, 57, 58, 59, 60, 61, 62, 63, 65, 66, 71, 73, 74, 83, 84, 87, 88, 90, 95, 96, 98, 101, 102, 103, 105, 106, 109, 112, 113, 116, 119, 120, 123, 124, 125, 128, 131, 132, 134, 138, 141, 142, 143, 144, 146, 147, 148, 150, 159, 160, 162, 165, 166, 167, 169, 170, 171, 173, 174, 176, 178, 180, 181, 182, 183, 184, 187, 188, 189, 190, 192, 193, 194, 196, 197, 206, 207, 209, 211, 215, 216, 217, 219, 220, 221, 222, 223, 226, 227, 228, 230, 231, 233, 241, 242, 243, 245], "excluded_lines": []}}}, "astrbot/cli/commands/cmd_run.py": {"executed_lines": [], "summary": {"covered_lines": 0, "num_statements": 43, "percent_covered": 0.0, "percent_covered_display": "0", "missing_lines": 43, "excluded_lines": 0}, "missing_lines": [1, 2, 3, 4, 5, 7, 8, 10, 13, 15, 16, 18, 20, 21, 22, 24, 26, 29, 30, 31, 32, 34, 35, 36, 38, 39, 43, 44, 46, 47, 49, 50, 51, 53, 54, 55, 56, 57, 58, 59, 60, 61, 62], "excluded_lines": [], "functions": {"run_astrbot": {"executed_lines": [], "summary": {"covered_lines": 0, "num_statements": 8, "percent_covered": 0.0, "percent_covered_display": "0", "missing_lines": 8, "excluded_lines": 0}, "missing_lines": [15, 16, 18, 20, 21, 22, 24, 26], "excluded_lines": []}, "run": {"executed_lines": [], "summary": {"covered_lines": 0, "num_statements": 22, "percent_covered": 0.0, "percent_covered_display": "0", "missing_lines": 22, "excluded_lines": 0}, "missing_lines": [34, 35, 36, 38, 39, 43, 44, 46, 47, 49, 50, 51, 53, 54, 55, 56, 57, 58, 59, 60, 61, 62], "excluded_lines": []}, "": {"executed_lines": [], "summary": {"covered_lines": 0, "num_statements": 13, "percent_covered": 0.0, "percent_covered_display": "0", "missing_lines": 13, "excluded_lines": 0}, "missing_lines": [1, 2, 3, 4, 5, 7, 8, 10, 13, 29, 30, 31, 32], "excluded_lines": []}}, "classes": {"": {"executed_lines": [], "summary": {"covered_lines": 0, "num_statements": 43, "percent_covered": 0.0, "percent_covered_display": "0", "missing_lines": 43, "excluded_lines": 0}, "missing_lines": [1, 2, 3, 4, 5, 7, 8, 10, 13, 15, 16, 18, 20, 21, 22, 24, 26, 29, 30, 31, 32, 34, 35, 36, 38, 39, 43, 44, 46, 47, 49, 50, 51, 53, 54, 55, 56, 57, 58, 59, 60, 61, 62], "excluded_lines": []}}}, "astrbot/cli/utils/__init__.py": {"executed_lines": [], "summary": {"covered_lines": 0, "num_statements": 4, "percent_covered": 0.0, "percent_covered_display": "0", "missing_lines": 4, "excluded_lines": 0}, "missing_lines": [1, 6, 7, 9], "excluded_lines": [], "functions": {"": {"executed_lines": [], "summary": {"covered_lines": 0, "num_statements": 4, "percent_covered": 0.0, "percent_covered_display": "0", "missing_lines": 4, "excluded_lines": 0}, "missing_lines": [1, 6, 7, 9], "excluded_lines": []}}, "classes": {"": {"executed_lines": [], "summary": {"covered_lines": 0, "num_statements": 4, "percent_covered": 0.0, "percent_covered_display": "0", "missing_lines": 4, "excluded_lines": 0}, "missing_lines": [1, 6, 7, 9], "excluded_lines": []}}}, "astrbot/cli/utils/basic.py": {"executed_lines": [], "summary": {"covered_lines": 0, "num_statements": 44, "percent_covered": 0.0, "percent_covered_display": "0", "missing_lines": 44, "excluded_lines": 0}, "missing_lines": [1, 3, 6, 8, 9, 10, 11, 12, 13, 14, 17, 19, 22, 24, 25, 27, 29, 30, 31, 32, 33, 34, 39, 40, 46, 48, 49, 50, 51, 52, 53, 54, 55, 61, 62, 63, 64, 65, 66, 67, 73, 74, 75, 76], "excluded_lines": [], "functions": {"check_astrbot_root": {"executed_lines": [], "summary": {"covered_lines": 0, "num_statements": 7, "percent_covered": 0.0, "percent_covered_display": "0", "missing_lines": 7, "excluded_lines": 0}, "missing_lines": [8, 9, 10, 11, 12, 13, 14], "excluded_lines": []}, "get_astrbot_root": {"executed_lines": [], "summary": {"covered_lines": 0, "num_statements": 1, "percent_covered": 0.0, "percent_covered_display": "0", "missing_lines": 1, "excluded_lines": 0}, "missing_lines": [19], "excluded_lines": []}, "check_dashboard": {"executed_lines": [], "summary": {"covered_lines": 0, "num_statements": 31, "percent_covered": 0.0, "percent_covered_display": "0", "missing_lines": 31, "excluded_lines": 0}, "missing_lines": [24, 25, 27, 29, 30, 31, 32, 33, 34, 39, 40, 46, 48, 49, 50, 51, 52, 53, 54, 55, 61, 62, 63, 64, 65, 66, 67, 73, 74, 75, 76], "excluded_lines": []}, "": {"executed_lines": [], "summary": {"covered_lines": 0, "num_statements": 5, "percent_covered": 0.0, "percent_covered_display": "0", "missing_lines": 5, "excluded_lines": 0}, "missing_lines": [1, 3, 6, 17, 22], "excluded_lines": []}}, "classes": {"": {"executed_lines": [], "summary": {"covered_lines": 0, "num_statements": 44, "percent_covered": 0.0, "percent_covered_display": "0", "missing_lines": 44, "excluded_lines": 0}, "missing_lines": [1, 3, 6, 8, 9, 10, 11, 12, 13, 14, 17, 19, 22, 24, 25, 27, 29, 30, 31, 32, 33, 34, 39, 40, 46, 48, 49, 50, 51, 52, 53, 54, 55, 61, 62, 63, 64, 65, 66, 67, 73, 74, 75, 76], "excluded_lines": []}}}, "astrbot/cli/utils/plugin.py": {"executed_lines": [], "summary": {"covered_lines": 0, "num_statements": 118, "percent_covered": 0.0, "percent_covered_display": "0", "missing_lines": 118, "excluded_lines": 0}, "missing_lines": [1, 2, 3, 4, 5, 6, 8, 9, 10, 12, 15, 16, 17, 18, 19, 22, 24, 25, 27, 28, 29, 32, 33, 34, 38, 39, 40, 42, 44, 47, 48, 49, 50, 51, 54, 55, 58, 62, 63, 67, 68, 69, 70, 72, 73, 74, 75, 76, 77, 78, 79, 80, 82, 83, 86, 96, 97, 98, 99, 100, 101, 102, 105, 116, 117, 118, 119, 122, 124, 125, 128, 131, 144, 145, 146, 147, 148, 149, 150, 151, 162, 163, 166, 167, 168, 170, 173, 180, 183, 186, 187, 188, 190, 193, 208, 209, 212, 213, 215, 217, 220, 221, 224, 225, 226, 227, 229, 230, 233, 236, 237, 238, 239, 240, 241, 242, 243, 244], "excluded_lines": [], "functions": {"get_git_repo": {"executed_lines": [], "summary": {"covered_lines": 0, "num_statements": 38, "percent_covered": 0.0, "percent_covered_display": "0", "missing_lines": 38, "excluded_lines": 0}, "missing_lines": [24, 25, 27, 28, 29, 32, 33, 34, 38, 39, 40, 42, 44, 47, 48, 49, 50, 51, 54, 55, 58, 62, 63, 67, 68, 69, 70, 72, 73, 74, 75, 76, 77, 78, 79, 80, 82, 83], "excluded_lines": []}, "load_yaml_metadata": {"executed_lines": [], "summary": {"covered_lines": 0, "num_statements": 7, "percent_covered": 0.0, "percent_covered_display": "0", "missing_lines": 7, "excluded_lines": 0}, "missing_lines": [96, 97, 98, 99, 100, 101, 102], "excluded_lines": []}, "build_plug_list": {"executed_lines": [], "summary": {"covered_lines": 0, "num_statements": 30, "percent_covered": 0.0, "percent_covered_display": "0", "missing_lines": 30, "excluded_lines": 0}, "missing_lines": [116, 117, 118, 119, 122, 124, 125, 128, 131, 144, 145, 146, 147, 148, 149, 150, 151, 162, 163, 166, 167, 168, 170, 173, 180, 183, 186, 187, 188, 190], "excluded_lines": []}, "manage_plugin": {"executed_lines": [], "summary": {"covered_lines": 0, "num_statements": 24, "percent_covered": 0.0, "percent_covered_display": "0", "missing_lines": 24, "excluded_lines": 0}, "missing_lines": [208, 209, 212, 213, 215, 217, 220, 221, 224, 225, 226, 227, 229, 230, 233, 236, 237, 238, 239, 240, 241, 242, 243, 244], "excluded_lines": []}, "": {"executed_lines": [], "summary": {"covered_lines": 0, "num_statements": 19, "percent_covered": 0.0, "percent_covered_display": "0", "missing_lines": 19, "excluded_lines": 0}, "missing_lines": [1, 2, 3, 4, 5, 6, 8, 9, 10, 12, 15, 16, 17, 18, 19, 22, 86, 105, 193], "excluded_lines": []}}, "classes": {"PluginStatus": {"executed_lines": [], "summary": {"covered_lines": 0, "num_statements": 0, "percent_covered": 100.0, "percent_covered_display": "100", "missing_lines": 0, "excluded_lines": 0}, "missing_lines": [], "excluded_lines": []}, "": {"executed_lines": [], "summary": {"covered_lines": 0, "num_statements": 118, "percent_covered": 0.0, "percent_covered_display": "0", "missing_lines": 118, "excluded_lines": 0}, "missing_lines": [1, 2, 3, 4, 5, 6, 8, 9, 10, 12, 15, 16, 17, 18, 19, 22, 24, 25, 27, 28, 29, 32, 33, 34, 38, 39, 40, 42, 44, 47, 48, 49, 50, 51, 54, 55, 58, 62, 63, 67, 68, 69, 70, 72, 73, 74, 75, 76, 77, 78, 79, 80, 82, 83, 86, 96, 97, 98, 99, 100, 101, 102, 105, 116, 117, 118, 119, 122, 124, 125, 128, 131, 144, 145, 146, 147, 148, 149, 150, 151, 162, 163, 166, 167, 168, 170, 173, 180, 183, 186, 187, 188, 190, 193, 208, 209, 212, 213, 215, 217, 220, 221, 224, 225, 226, 227, 229, 230, 233, 236, 237, 238, 239, 240, 241, 242, 243, 244], "excluded_lines": []}}}, "astrbot/cli/utils/version_comparator.py": {"executed_lines": [], "summary": {"covered_lines": 0, "num_statements": 60, "percent_covered": 0.0, "percent_covered_display": "0", "missing_lines": 60, "excluded_lines": 0}, "missing_lines": [3, 6, 7, 8, 15, 16, 18, 19, 23, 24, 25, 26, 28, 29, 30, 32, 33, 36, 37, 38, 40, 41, 42, 43, 44, 47, 48, 49, 50, 51, 52, 53, 54, 55, 57, 58, 59, 60, 61, 62, 63, 64, 65, 68, 69, 70, 71, 72, 74, 76, 77, 78, 79, 80, 81, 82, 83, 84, 86, 87], "excluded_lines": [], "functions": {"VersionComparator.compare_version": {"executed_lines": [], "summary": {"covered_lines": 0, "num_statements": 37, "percent_covered": 0.0, "percent_covered_display": "0", "missing_lines": 37, "excluded_lines": 0}, "missing_lines": [15, 16, 18, 32, 33, 36, 37, 38, 40, 41, 42, 43, 44, 47, 48, 49, 50, 51, 52, 53, 54, 55, 57, 58, 59, 60, 61, 62, 63, 64, 65, 68, 69, 70, 71, 72, 74], "excluded_lines": []}, "VersionComparator.compare_version.split_version": {"executed_lines": [], "summary": {"covered_lines": 0, "num_statements": 8, "percent_covered": 0.0, "percent_covered_display": "0", "missing_lines": 8, "excluded_lines": 0}, "missing_lines": [19, 23, 24, 25, 26, 28, 29, 30], "excluded_lines": []}, "VersionComparator._split_prerelease": {"executed_lines": [], "summary": {"covered_lines": 0, "num_statements": 9, "percent_covered": 0.0, "percent_covered_display": "0", "missing_lines": 9, "excluded_lines": 0}, "missing_lines": [78, 79, 80, 81, 82, 83, 84, 86, 87], "excluded_lines": []}, "": {"executed_lines": [], "summary": {"covered_lines": 0, "num_statements": 6, "percent_covered": 0.0, "percent_covered_display": "0", "missing_lines": 6, "excluded_lines": 0}, "missing_lines": [3, 6, 7, 8, 76, 77], "excluded_lines": []}}, "classes": {"VersionComparator": {"executed_lines": [], "summary": {"covered_lines": 0, "num_statements": 54, "percent_covered": 0.0, "percent_covered_display": "0", "missing_lines": 54, "excluded_lines": 0}, "missing_lines": [15, 16, 18, 19, 23, 24, 25, 26, 28, 29, 30, 32, 33, 36, 37, 38, 40, 41, 42, 43, 44, 47, 48, 49, 50, 51, 52, 53, 54, 55, 57, 58, 59, 60, 61, 62, 63, 64, 65, 68, 69, 70, 71, 72, 74, 78, 79, 80, 81, 82, 83, 84, 86, 87], "excluded_lines": []}, "": {"executed_lines": [], "summary": {"covered_lines": 0, "num_statements": 6, "percent_covered": 0.0, "percent_covered_display": "0", "missing_lines": 6, "excluded_lines": 0}, "missing_lines": [3, 6, 7, 8, 76, 77], "excluded_lines": []}}}, "astrbot/core/__init__.py": {"executed_lines": [1, 3, 4, 5, 6, 7, 8, 9, 11, 12, 15, 17, 19, 20, 21, 22, 23, 25, 27, 28], "summary": {"covered_lines": 20, "num_statements": 20, "percent_covered": 100.0, "percent_covered_display": "100", "missing_lines": 0, "excluded_lines": 0}, "missing_lines": [], "excluded_lines": [], "functions": {"": {"executed_lines": [1, 3, 4, 5, 6, 7, 8, 9, 11, 12, 15, 17, 19, 20, 21, 22, 23, 25, 27, 28], "summary": {"covered_lines": 20, "num_statements": 20, "percent_covered": 100.0, "percent_covered_display": "100", "missing_lines": 0, "excluded_lines": 0}, "missing_lines": [], "excluded_lines": []}}, "classes": {"": {"executed_lines": [1, 3, 4, 5, 6, 7, 8, 9, 11, 12, 15, 17, 19, 20, 21, 22, 23, 25, 27, 28], "summary": {"covered_lines": 20, "num_statements": 20, "percent_covered": 100.0, "percent_covered_display": "100", "missing_lines": 0, "excluded_lines": 0}, "missing_lines": [], "excluded_lines": []}}}, "astrbot/core/agent/agent.py": {"executed_lines": [1, 2, 4, 5, 6, 9, 10, 11, 12, 13, 14], "summary": {"covered_lines": 11, "num_statements": 11, "percent_covered": 100.0, "percent_covered_display": "100", "missing_lines": 0, "excluded_lines": 0}, "missing_lines": [], "excluded_lines": [], "functions": {"": {"executed_lines": [1, 2, 4, 5, 6, 9, 10, 11, 12, 13, 14], "summary": {"covered_lines": 11, "num_statements": 11, "percent_covered": 100.0, "percent_covered_display": "100", "missing_lines": 0, "excluded_lines": 0}, "missing_lines": [], "excluded_lines": []}}, "classes": {"Agent": {"executed_lines": [], "summary": {"covered_lines": 0, "num_statements": 0, "percent_covered": 100.0, "percent_covered_display": "100", "missing_lines": 0, "excluded_lines": 0}, "missing_lines": [], "excluded_lines": []}, "": {"executed_lines": [1, 2, 4, 5, 6, 9, 10, 11, 12, 13, 14], "summary": {"covered_lines": 11, "num_statements": 11, "percent_covered": 100.0, "percent_covered_display": "100", "missing_lines": 0, "excluded_lines": 0}, "missing_lines": [], "excluded_lines": []}}}, "astrbot/core/agent/handoff.py": {"executed_lines": [1, 3, 4, 5, 8, 9, 11, 25, 36], "summary": {"covered_lines": 8, "num_statements": 13, "percent_covered": 61.53846153846154, "percent_covered_display": "62", "missing_lines": 5, "excluded_lines": 0}, "missing_lines": [17, 18, 26, 37, 38], "excluded_lines": [], "functions": {"HandoffTool.__init__": {"executed_lines": [], "summary": {"covered_lines": 0, "num_statements": 2, "percent_covered": 0.0, "percent_covered_display": "0", "missing_lines": 2, "excluded_lines": 0}, "missing_lines": [17, 18], "excluded_lines": []}, "HandoffTool.default_parameters": {"executed_lines": [], "summary": {"covered_lines": 0, "num_statements": 1, "percent_covered": 0.0, "percent_covered_display": "0", "missing_lines": 1, "excluded_lines": 0}, "missing_lines": [26], "excluded_lines": []}, "HandoffTool.default_description": {"executed_lines": [], "summary": {"covered_lines": 0, "num_statements": 2, "percent_covered": 0.0, "percent_covered_display": "0", "missing_lines": 2, "excluded_lines": 0}, "missing_lines": [37, 38], "excluded_lines": []}, "": {"executed_lines": [1, 3, 4, 5, 8, 9, 11, 25, 36], "summary": {"covered_lines": 8, "num_statements": 8, "percent_covered": 100.0, "percent_covered_display": "100", "missing_lines": 0, "excluded_lines": 0}, "missing_lines": [], "excluded_lines": []}}, "classes": {"HandoffTool": {"executed_lines": [], "summary": {"covered_lines": 0, "num_statements": 5, "percent_covered": 0.0, "percent_covered_display": "0", "missing_lines": 5, "excluded_lines": 0}, "missing_lines": [17, 18, 26, 37, 38], "excluded_lines": []}, "": {"executed_lines": [1, 3, 4, 5, 8, 9, 11, 25, 36], "summary": {"covered_lines": 8, "num_statements": 8, "percent_covered": 100.0, "percent_covered_display": "100", "missing_lines": 0, "excluded_lines": 0}, "missing_lines": [], "excluded_lines": []}}}, "astrbot/core/agent/hooks.py": {"executed_lines": [1, 2, 4, 6, 7, 9, 12, 13, 14, 15, 21, 28], "summary": {"covered_lines": 8, "num_statements": 8, "percent_covered": 100.0, "percent_covered_display": "100", "missing_lines": 0, "excluded_lines": 20}, "missing_lines": [], "excluded_lines": [14, 15, 16, 17, 18, 19, 20, 21, 22, 23, 24, 25, 26, 27, 28, 29, 30, 31, 32, 33], "functions": {"BaseAgentRunHooks.on_agent_begin": {"executed_lines": [14], "summary": {"covered_lines": 0, "num_statements": 0, "percent_covered": 100.0, "percent_covered_display": "100", "missing_lines": 0, "excluded_lines": 1}, "missing_lines": [], "excluded_lines": [14]}, "BaseAgentRunHooks.on_tool_start": {"executed_lines": [], "summary": {"covered_lines": 0, "num_statements": 0, "percent_covered": 100.0, "percent_covered_display": "100", "missing_lines": 0, "excluded_lines": 1}, "missing_lines": [], "excluded_lines": [20]}, "BaseAgentRunHooks.on_tool_end": {"executed_lines": [], "summary": {"covered_lines": 0, "num_statements": 0, "percent_covered": 100.0, "percent_covered_display": "100", "missing_lines": 0, "excluded_lines": 1}, "missing_lines": [], "excluded_lines": [27]}, "BaseAgentRunHooks.on_agent_done": {"executed_lines": [], "summary": {"covered_lines": 0, "num_statements": 0, "percent_covered": 100.0, "percent_covered_display": "100", "missing_lines": 0, "excluded_lines": 1}, "missing_lines": [], "excluded_lines": [32]}, "": {"executed_lines": [1, 2, 4, 6, 7, 9, 12, 13, 15, 21, 28], "summary": {"covered_lines": 8, "num_statements": 8, "percent_covered": 100.0, "percent_covered_display": "100", "missing_lines": 0, "excluded_lines": 15}, "missing_lines": [], "excluded_lines": [15, 16, 17, 18, 19, 21, 22, 23, 24, 25, 26, 28, 29, 30, 31]}}, "classes": {"BaseAgentRunHooks": {"executed_lines": [14], "summary": {"covered_lines": 0, "num_statements": 0, "percent_covered": 100.0, "percent_covered_display": "100", "missing_lines": 0, "excluded_lines": 4}, "missing_lines": [], "excluded_lines": [14, 20, 27, 32]}, "": {"executed_lines": [1, 2, 4, 6, 7, 9, 12, 13, 15, 21, 28], "summary": {"covered_lines": 8, "num_statements": 8, "percent_covered": 100.0, "percent_covered_display": "100", "missing_lines": 0, "excluded_lines": 15}, "missing_lines": [], "excluded_lines": [15, 16, 17, 18, 19, 21, 22, 23, 24, 25, 26, 28, 29, 30, 31]}}}, "astrbot/core/agent/mcp_client.py": {"executed_lines": [1, 2, 3, 4, 6, 7, 9, 10, 11, 15, 16, 23, 32, 94, 95, 106, 212, 220], "summary": {"covered_lines": 18, "num_statements": 97, "percent_covered": 18.556701030927837, "percent_covered_display": "19", "missing_lines": 79, "excluded_lines": 0}, "missing_lines": [12, 13, 17, 18, 25, 26, 27, 28, 29, 34, 36, 38, 39, 40, 42, 43, 44, 45, 46, 48, 50, 51, 52, 62, 72, 73, 74, 76, 84, 85, 86, 88, 89, 90, 91, 97, 98, 100, 101, 102, 103, 104, 118, 120, 122, 123, 125, 126, 127, 128, 130, 131, 132, 133, 135, 137, 139, 145, 150, 151, 159, 160, 163, 170, 175, 176, 186, 190, 192, 194, 207, 210, 214, 215, 216, 217, 218, 222, 223], "excluded_lines": [], "functions": {"_prepare_config": {"executed_lines": [], "summary": {"covered_lines": 0, "num_statements": 5, "percent_covered": 0.0, "percent_covered_display": "0", "missing_lines": 5, "excluded_lines": 0}, "missing_lines": [25, 26, 27, 28, 29], "excluded_lines": []}, "_quick_test_mcp_connection": {"executed_lines": [], "summary": {"covered_lines": 0, "num_statements": 26, "percent_covered": 0.0, "percent_covered_display": "0", "missing_lines": 26, "excluded_lines": 0}, "missing_lines": [34, 36, 38, 39, 40, 42, 43, 44, 45, 46, 48, 50, 51, 52, 62, 72, 73, 74, 76, 84, 85, 86, 88, 89, 90, 91], "excluded_lines": []}, "MCPClient.__init__": {"executed_lines": [], "summary": {"covered_lines": 0, "num_statements": 7, "percent_covered": 0.0, "percent_covered_display": "0", "missing_lines": 7, "excluded_lines": 0}, "missing_lines": [97, 98, 100, 101, 102, 103, 104], "excluded_lines": []}, "MCPClient.connect_to_server": {"executed_lines": [], "summary": {"covered_lines": 0, "num_statements": 28, "percent_covered": 0.0, "percent_covered_display": "0", "missing_lines": 28, "excluded_lines": 0}, "missing_lines": [118, 120, 125, 126, 127, 128, 130, 131, 132, 133, 135, 137, 139, 145, 150, 151, 159, 160, 163, 170, 175, 176, 186, 190, 192, 194, 207, 210], "excluded_lines": []}, "MCPClient.connect_to_server.logging_callback": {"executed_lines": [], "summary": {"covered_lines": 0, "num_statements": 2, "percent_covered": 0.0, "percent_covered_display": "0", "missing_lines": 2, "excluded_lines": 0}, "missing_lines": [122, 123], "excluded_lines": []}, "MCPClient.list_tools_and_save": {"executed_lines": [], "summary": {"covered_lines": 0, "num_statements": 5, "percent_covered": 0.0, "percent_covered_display": "0", "missing_lines": 5, "excluded_lines": 0}, "missing_lines": [214, 215, 216, 217, 218], "excluded_lines": []}, "MCPClient.cleanup": {"executed_lines": [], "summary": {"covered_lines": 0, "num_statements": 2, "percent_covered": 0.0, "percent_covered_display": "0", "missing_lines": 2, "excluded_lines": 0}, "missing_lines": [222, 223], "excluded_lines": []}, "": {"executed_lines": [1, 2, 3, 4, 6, 7, 9, 10, 11, 15, 16, 23, 32, 94, 95, 106, 212, 220], "summary": {"covered_lines": 18, "num_statements": 22, "percent_covered": 81.81818181818181, "percent_covered_display": "82", "missing_lines": 4, "excluded_lines": 0}, "missing_lines": [12, 13, 17, 18], "excluded_lines": []}}, "classes": {"MCPClient": {"executed_lines": [], "summary": {"covered_lines": 0, "num_statements": 44, "percent_covered": 0.0, "percent_covered_display": "0", "missing_lines": 44, "excluded_lines": 0}, "missing_lines": [97, 98, 100, 101, 102, 103, 104, 118, 120, 122, 123, 125, 126, 127, 128, 130, 131, 132, 133, 135, 137, 139, 145, 150, 151, 159, 160, 163, 170, 175, 176, 186, 190, 192, 194, 207, 210, 214, 215, 216, 217, 218, 222, 223], "excluded_lines": []}, "": {"executed_lines": [1, 2, 3, 4, 6, 7, 9, 10, 11, 15, 16, 23, 32, 94, 95, 106, 212, 220], "summary": {"covered_lines": 18, "num_statements": 53, "percent_covered": 33.9622641509434, "percent_covered_display": "34", "missing_lines": 35, "excluded_lines": 0}, "missing_lines": [12, 13, 17, 18, 25, 26, 27, 28, 29, 34, 36, 38, 39, 40, 42, 43, 44, 45, 46, 48, 50, 51, 52, 62, 72, 73, 74, 76, 84, 85, 86, 88, 89, 90, 91], "excluded_lines": []}}}, "astrbot/core/agent/response.py": {"executed_lines": [1, 2, 4, 7, 8, 11, 12, 13, 14], "summary": {"covered_lines": 9, "num_statements": 9, "percent_covered": 100.0, "percent_covered_display": "100", "missing_lines": 0, "excluded_lines": 0}, "missing_lines": [], "excluded_lines": [], "functions": {"": {"executed_lines": [1, 2, 4, 7, 8, 11, 12, 13, 14], "summary": {"covered_lines": 9, "num_statements": 9, "percent_covered": 100.0, "percent_covered_display": "100", "missing_lines": 0, "excluded_lines": 0}, "missing_lines": [], "excluded_lines": []}}, "classes": {"AgentResponseData": {"executed_lines": [], "summary": {"covered_lines": 0, "num_statements": 0, "percent_covered": 100.0, "percent_covered_display": "100", "missing_lines": 0, "excluded_lines": 0}, "missing_lines": [], "excluded_lines": []}, "AgentResponse": {"executed_lines": [], "summary": {"covered_lines": 0, "num_statements": 0, "percent_covered": 100.0, "percent_covered_display": "100", "missing_lines": 0, "excluded_lines": 0}, "missing_lines": [], "excluded_lines": []}, "": {"executed_lines": [1, 2, 4, 7, 8, 11, 12, 13, 14], "summary": {"covered_lines": 9, "num_statements": 9, "percent_covered": 100.0, "percent_covered_display": "100", "missing_lines": 0, "excluded_lines": 0}, "missing_lines": [], "excluded_lines": []}}}, "astrbot/core/agent/run_context.py": {"executed_lines": [1, 2, 4, 6, 8, 11, 12, 13, 15, 16, 19], "summary": {"covered_lines": 10, "num_statements": 10, "percent_covered": 100.0, "percent_covered_display": "100", "missing_lines": 0, "excluded_lines": 0}, "missing_lines": [], "excluded_lines": [], "functions": {"": {"executed_lines": [1, 2, 4, 6, 8, 11, 12, 13, 15, 16, 19], "summary": {"covered_lines": 10, "num_statements": 10, "percent_covered": 100.0, "percent_covered_display": "100", "missing_lines": 0, "excluded_lines": 0}, "missing_lines": [], "excluded_lines": []}}, "classes": {"ContextWrapper": {"executed_lines": [], "summary": {"covered_lines": 0, "num_statements": 0, "percent_covered": 100.0, "percent_covered_display": "100", "missing_lines": 0, "excluded_lines": 0}, "missing_lines": [], "excluded_lines": []}, "": {"executed_lines": [1, 2, 4, 6, 8, 11, 12, 13, 15, 16, 19], "summary": {"covered_lines": 10, "num_statements": 10, "percent_covered": 100.0, "percent_covered_display": "100", "missing_lines": 0, "excluded_lines": 0}, "missing_lines": [], "excluded_lines": []}}}, "astrbot/core/agent/runners/__init__.py": {"executed_lines": [1, 3], "summary": {"covered_lines": 2, "num_statements": 2, "percent_covered": 100.0, "percent_covered_display": "100", "missing_lines": 0, "excluded_lines": 0}, "missing_lines": [], "excluded_lines": [], "functions": {"": {"executed_lines": [1, 3], "summary": {"covered_lines": 2, "num_statements": 2, "percent_covered": 100.0, "percent_covered_display": "100", "missing_lines": 0, "excluded_lines": 0}, "missing_lines": [], "excluded_lines": []}}, "classes": {"": {"executed_lines": [1, 3], "summary": {"covered_lines": 2, "num_statements": 2, "percent_covered": 100.0, "percent_covered_display": "100", "missing_lines": 0, "excluded_lines": 0}, "missing_lines": [], "excluded_lines": []}}}, "astrbot/core/agent/runners/base.py": {"executed_lines": [1, 2, 3, 5, 6, 8, 9, 10, 11, 14, 15, 17, 18, 19, 20, 23, 24, 25, 38, 39, 43, 44, 50, 51], "summary": {"covered_lines": 23, "num_statements": 23, "percent_covered": 100.0, "percent_covered_display": "100", "missing_lines": 0, "excluded_lines": 8}, "missing_lines": [], "excluded_lines": [36, 37, 41, 42, 48, 49, 55, 56], "functions": {"BaseAgentRunner.reset": {"executed_lines": [], "summary": {"covered_lines": 0, "num_statements": 0, "percent_covered": 100.0, "percent_covered_display": "100", "missing_lines": 0, "excluded_lines": 1}, "missing_lines": [], "excluded_lines": [36]}, "BaseAgentRunner.step": {"executed_lines": [], "summary": {"covered_lines": 0, "num_statements": 0, "percent_covered": 100.0, "percent_covered_display": "100", "missing_lines": 0, "excluded_lines": 1}, "missing_lines": [], "excluded_lines": [41]}, "BaseAgentRunner.done": {"executed_lines": [], "summary": {"covered_lines": 0, "num_statements": 0, "percent_covered": 100.0, "percent_covered_display": "100", "missing_lines": 0, "excluded_lines": 1}, "missing_lines": [], "excluded_lines": [48]}, "BaseAgentRunner.get_final_llm_resp": {"executed_lines": [], "summary": {"covered_lines": 0, "num_statements": 0, "percent_covered": 100.0, "percent_covered_display": "100", "missing_lines": 0, "excluded_lines": 1}, "missing_lines": [], "excluded_lines": [55]}, "": {"executed_lines": [1, 2, 3, 5, 6, 8, 9, 10, 11, 14, 15, 17, 18, 19, 20, 23, 24, 25, 38, 39, 43, 44, 50, 51], "summary": {"covered_lines": 23, "num_statements": 23, "percent_covered": 100.0, "percent_covered_display": "100", "missing_lines": 0, "excluded_lines": 3}, "missing_lines": [], "excluded_lines": [37, 42, 49]}}, "classes": {"AgentState": {"executed_lines": [], "summary": {"covered_lines": 0, "num_statements": 0, "percent_covered": 100.0, "percent_covered_display": "100", "missing_lines": 0, "excluded_lines": 0}, "missing_lines": [], "excluded_lines": []}, "BaseAgentRunner": {"executed_lines": [], "summary": {"covered_lines": 0, "num_statements": 0, "percent_covered": 100.0, "percent_covered_display": "100", "missing_lines": 0, "excluded_lines": 4}, "missing_lines": [], "excluded_lines": [36, 41, 48, 55]}, "": {"executed_lines": [1, 2, 3, 5, 6, 8, 9, 10, 11, 14, 15, 17, 18, 19, 20, 23, 24, 25, 38, 39, 43, 44, 50, 51], "summary": {"covered_lines": 23, "num_statements": 23, "percent_covered": 100.0, "percent_covered_display": "100", "missing_lines": 0, "excluded_lines": 3}, "missing_lines": [], "excluded_lines": [37, 42, 49]}}}, "astrbot/core/agent/runners/tool_loop_agent_runner.py": {"executed_lines": [1, 2, 3, 5, 14, 15, 18, 25, 27, 28, 29, 30, 31, 33, 36, 39, 40, 41, 59, 65, 74, 75, 182, 360, 364], "summary": {"covered_lines": 25, "num_statements": 156, "percent_covered": 16.025641025641026, "percent_covered_display": "16", "missing_lines": 131, "excluded_lines": 0}, "missing_lines": [34, 50, 51, 52, 53, 54, 55, 56, 57, 61, 62, 63, 67, 68, 69, 70, 72, 79, 80, 82, 83, 84, 85, 86, 89, 90, 92, 93, 94, 95, 96, 101, 107, 108, 109, 111, 112, 115, 117, 119, 120, 121, 130, 132, 133, 134, 135, 136, 137, 140, 141, 145, 146, 154, 155, 156, 157, 163, 164, 165, 166, 167, 172, 180, 188, 189, 192, 197, 198, 199, 200, 201, 203, 204, 205, 212, 214, 217, 218, 221, 222, 224, 231, 234, 235, 240, 241, 243, 244, 249, 250, 252, 258, 259, 260, 261, 262, 263, 264, 271, 272, 273, 280, 283, 284, 285, 286, 293, 294, 299, 306, 310, 317, 319, 322, 323, 324, 325, 331, 335, 336, 342, 343, 345, 346, 347, 348, 357, 358, 362, 365], "excluded_lines": [], "functions": {"ToolLoopAgentRunner.reset": {"executed_lines": [], "summary": {"covered_lines": 0, "num_statements": 8, "percent_covered": 0.0, "percent_covered_display": "0", "missing_lines": 8, "excluded_lines": 0}, "missing_lines": [50, 51, 52, 53, 54, 55, 56, 57], "excluded_lines": []}, "ToolLoopAgentRunner._transition_state": {"executed_lines": [], "summary": {"covered_lines": 0, "num_statements": 3, "percent_covered": 0.0, "percent_covered_display": "0", "missing_lines": 3, "excluded_lines": 0}, "missing_lines": [61, 62, 63], "excluded_lines": []}, "ToolLoopAgentRunner._iter_llm_responses": {"executed_lines": [], "summary": {"covered_lines": 0, "num_statements": 5, "percent_covered": 0.0, "percent_covered_display": "0", "missing_lines": 5, "excluded_lines": 0}, "missing_lines": [67, 68, 69, 70, 72], "excluded_lines": []}, "ToolLoopAgentRunner.step": {"executed_lines": [], "summary": {"covered_lines": 0, "num_statements": 47, "percent_covered": 0.0, "percent_covered_display": "0", "missing_lines": 47, "excluded_lines": 0}, "missing_lines": [79, 80, 82, 83, 84, 85, 86, 89, 90, 92, 93, 94, 95, 96, 101, 107, 108, 109, 111, 112, 115, 117, 119, 120, 121, 130, 132, 133, 134, 135, 136, 137, 140, 141, 145, 146, 154, 155, 156, 157, 163, 164, 165, 166, 167, 172, 180], "excluded_lines": []}, "ToolLoopAgentRunner._handle_function_tools": {"executed_lines": [], "summary": {"covered_lines": 0, "num_statements": 65, "percent_covered": 0.0, "percent_covered_display": "0", "missing_lines": 65, "excluded_lines": 0}, "missing_lines": [188, 189, 192, 197, 198, 199, 200, 201, 203, 204, 205, 212, 214, 217, 218, 221, 222, 224, 231, 234, 235, 240, 241, 243, 244, 249, 250, 252, 258, 259, 260, 261, 262, 263, 264, 271, 272, 273, 280, 283, 284, 285, 286, 293, 294, 299, 306, 310, 317, 319, 322, 323, 324, 325, 331, 335, 336, 342, 343, 345, 346, 347, 348, 357, 358], "excluded_lines": []}, "ToolLoopAgentRunner.done": {"executed_lines": [], "summary": {"covered_lines": 0, "num_statements": 1, "percent_covered": 0.0, "percent_covered_display": "0", "missing_lines": 1, "excluded_lines": 0}, "missing_lines": [362], "excluded_lines": []}, "ToolLoopAgentRunner.get_final_llm_resp": {"executed_lines": [], "summary": {"covered_lines": 0, "num_statements": 1, "percent_covered": 0.0, "percent_covered_display": "0", "missing_lines": 1, "excluded_lines": 0}, "missing_lines": [365], "excluded_lines": []}, "": {"executed_lines": [1, 2, 3, 5, 14, 15, 18, 25, 27, 28, 29, 30, 31, 33, 36, 39, 40, 41, 59, 65, 74, 75, 182, 360, 364], "summary": {"covered_lines": 25, "num_statements": 26, "percent_covered": 96.15384615384616, "percent_covered_display": "96", "missing_lines": 1, "excluded_lines": 0}, "missing_lines": [34], "excluded_lines": []}}, "classes": {"ToolLoopAgentRunner": {"executed_lines": [], "summary": {"covered_lines": 0, "num_statements": 130, "percent_covered": 0.0, "percent_covered_display": "0", "missing_lines": 130, "excluded_lines": 0}, "missing_lines": [50, 51, 52, 53, 54, 55, 56, 57, 61, 62, 63, 67, 68, 69, 70, 72, 79, 80, 82, 83, 84, 85, 86, 89, 90, 92, 93, 94, 95, 96, 101, 107, 108, 109, 111, 112, 115, 117, 119, 120, 121, 130, 132, 133, 134, 135, 136, 137, 140, 141, 145, 146, 154, 155, 156, 157, 163, 164, 165, 166, 167, 172, 180, 188, 189, 192, 197, 198, 199, 200, 201, 203, 204, 205, 212, 214, 217, 218, 221, 222, 224, 231, 234, 235, 240, 241, 243, 244, 249, 250, 252, 258, 259, 260, 261, 262, 263, 264, 271, 272, 273, 280, 283, 284, 285, 286, 293, 294, 299, 306, 310, 317, 319, 322, 323, 324, 325, 331, 335, 336, 342, 343, 345, 346, 347, 348, 357, 358, 362, 365], "excluded_lines": []}, "": {"executed_lines": [1, 2, 3, 5, 14, 15, 18, 25, 27, 28, 29, 30, 31, 33, 36, 39, 40, 41, 59, 65, 74, 75, 182, 360, 364], "summary": {"covered_lines": 25, "num_statements": 26, "percent_covered": 96.15384615384616, "percent_covered_display": "96", "missing_lines": 1, "excluded_lines": 0}, "missing_lines": [34], "excluded_lines": []}}}, "astrbot/core/agent/tool.py": {"executed_lines": [1, 2, 3, 5, 7, 10, 11, 12, 14, 15, 16, 17, 18, 19, 20, 24, 25, 27, 28, 31, 32, 33, 34, 36, 39, 51, 52, 58, 61, 65, 74, 78, 85, 86, 111, 112, 116, 117, 121, 122, 126, 146, 162, 241, 242, 245, 246, 249, 250, 253, 257, 260, 263, 266, 269], "summary": {"covered_lines": 53, "num_statements": 135, "percent_covered": 39.25925925925926, "percent_covered_display": "39", "missing_lines": 82, "excluded_lines": 0}, "missing_lines": [37, 41, 59, 63, 68, 69, 70, 71, 72, 76, 80, 81, 82, 83, 94, 98, 99, 103, 109, 114, 119, 124, 128, 129, 130, 138, 141, 143, 144, 148, 149, 150, 151, 152, 153, 154, 159, 160, 165, 167, 176, 182, 183, 185, 187, 188, 189, 193, 195, 197, 208, 210, 211, 212, 213, 214, 215, 216, 218, 219, 221, 222, 224, 226, 227, 228, 232, 233, 234, 236, 237, 238, 239, 243, 247, 251, 255, 258, 261, 264, 267, 270], "excluded_lines": [], "functions": {"FunctionTool.__repr__": {"executed_lines": [], "summary": {"covered_lines": 0, "num_statements": 1, "percent_covered": 0.0, "percent_covered_display": "0", "missing_lines": 1, "excluded_lines": 0}, "missing_lines": [37], "excluded_lines": []}, "FunctionTool.__dict__": {"executed_lines": [], "summary": {"covered_lines": 0, "num_statements": 1, "percent_covered": 0.0, "percent_covered_display": "0", "missing_lines": 1, "excluded_lines": 0}, "missing_lines": [41], "excluded_lines": []}, "ToolSet.__init__": {"executed_lines": [], "summary": {"covered_lines": 0, "num_statements": 1, "percent_covered": 0.0, "percent_covered_display": "0", "missing_lines": 1, "excluded_lines": 0}, "missing_lines": [59], "excluded_lines": []}, "ToolSet.empty": {"executed_lines": [], "summary": {"covered_lines": 0, "num_statements": 1, "percent_covered": 0.0, "percent_covered_display": "0", "missing_lines": 1, "excluded_lines": 0}, "missing_lines": [63], "excluded_lines": []}, "ToolSet.add_tool": {"executed_lines": [], "summary": {"covered_lines": 0, "num_statements": 5, "percent_covered": 0.0, "percent_covered_display": "0", "missing_lines": 5, "excluded_lines": 0}, "missing_lines": [68, 69, 70, 71, 72], "excluded_lines": []}, "ToolSet.remove_tool": {"executed_lines": [], "summary": {"covered_lines": 0, "num_statements": 1, "percent_covered": 0.0, "percent_covered_display": "0", "missing_lines": 1, "excluded_lines": 0}, "missing_lines": [76], "excluded_lines": []}, "ToolSet.get_tool": {"executed_lines": [], "summary": {"covered_lines": 0, "num_statements": 4, "percent_covered": 0.0, "percent_covered_display": "0", "missing_lines": 4, "excluded_lines": 0}, "missing_lines": [80, 81, 82, 83], "excluded_lines": []}, "ToolSet.add_func": {"executed_lines": [], "summary": {"covered_lines": 0, "num_statements": 5, "percent_covered": 0.0, "percent_covered_display": "0", "missing_lines": 5, "excluded_lines": 0}, "missing_lines": [94, 98, 99, 103, 109], "excluded_lines": []}, "ToolSet.remove_func": {"executed_lines": [], "summary": {"covered_lines": 0, "num_statements": 1, "percent_covered": 0.0, "percent_covered_display": "0", "missing_lines": 1, "excluded_lines": 0}, "missing_lines": [114], "excluded_lines": []}, "ToolSet.get_func": {"executed_lines": [], "summary": {"covered_lines": 0, "num_statements": 1, "percent_covered": 0.0, "percent_covered_display": "0", "missing_lines": 1, "excluded_lines": 0}, "missing_lines": [119], "excluded_lines": []}, "ToolSet.func_list": {"executed_lines": [], "summary": {"covered_lines": 0, "num_statements": 1, "percent_covered": 0.0, "percent_covered_display": "0", "missing_lines": 1, "excluded_lines": 0}, "missing_lines": [124], "excluded_lines": []}, "ToolSet.openai_schema": {"executed_lines": [], "summary": {"covered_lines": 0, "num_statements": 7, "percent_covered": 0.0, "percent_covered_display": "0", "missing_lines": 7, "excluded_lines": 0}, "missing_lines": [128, 129, 130, 138, 141, 143, 144], "excluded_lines": []}, "ToolSet.anthropic_schema": {"executed_lines": [], "summary": {"covered_lines": 0, "num_statements": 9, "percent_covered": 0.0, "percent_covered_display": "0", "missing_lines": 9, "excluded_lines": 0}, "missing_lines": [148, 149, 150, 151, 152, 153, 154, 159, 160], "excluded_lines": []}, "ToolSet.google_schema": {"executed_lines": [], "summary": {"covered_lines": 0, "num_statements": 11, "percent_covered": 0.0, "percent_covered_display": "0", "missing_lines": 11, "excluded_lines": 0}, "missing_lines": [165, 226, 227, 228, 232, 233, 234, 236, 237, 238, 239], "excluded_lines": []}, "ToolSet.google_schema.convert_schema": {"executed_lines": [], "summary": {"covered_lines": 0, "num_statements": 24, "percent_covered": 0.0, "percent_covered_display": "0", "missing_lines": 24, "excluded_lines": 0}, "missing_lines": [167, 176, 182, 183, 185, 187, 188, 189, 193, 195, 197, 208, 210, 211, 212, 213, 214, 215, 216, 218, 219, 221, 222, 224], "excluded_lines": []}, "ToolSet.get_func_desc_openai_style": {"executed_lines": [], "summary": {"covered_lines": 0, "num_statements": 1, "percent_covered": 0.0, "percent_covered_display": "0", "missing_lines": 1, "excluded_lines": 0}, "missing_lines": [243], "excluded_lines": []}, "ToolSet.get_func_desc_anthropic_style": {"executed_lines": [], "summary": {"covered_lines": 0, "num_statements": 1, "percent_covered": 0.0, "percent_covered_display": "0", "missing_lines": 1, "excluded_lines": 0}, "missing_lines": [247], "excluded_lines": []}, "ToolSet.get_func_desc_google_genai_style": {"executed_lines": [], "summary": {"covered_lines": 0, "num_statements": 1, "percent_covered": 0.0, "percent_covered_display": "0", "missing_lines": 1, "excluded_lines": 0}, "missing_lines": [251], "excluded_lines": []}, "ToolSet.names": {"executed_lines": [], "summary": {"covered_lines": 0, "num_statements": 1, "percent_covered": 0.0, "percent_covered_display": "0", "missing_lines": 1, "excluded_lines": 0}, "missing_lines": [255], "excluded_lines": []}, "ToolSet.__len__": {"executed_lines": [], "summary": {"covered_lines": 0, "num_statements": 1, "percent_covered": 0.0, "percent_covered_display": "0", "missing_lines": 1, "excluded_lines": 0}, "missing_lines": [258], "excluded_lines": []}, "ToolSet.__bool__": {"executed_lines": [], "summary": {"covered_lines": 0, "num_statements": 1, "percent_covered": 0.0, "percent_covered_display": "0", "missing_lines": 1, "excluded_lines": 0}, "missing_lines": [261], "excluded_lines": []}, "ToolSet.__iter__": {"executed_lines": [], "summary": {"covered_lines": 0, "num_statements": 1, "percent_covered": 0.0, "percent_covered_display": "0", "missing_lines": 1, "excluded_lines": 0}, "missing_lines": [264], "excluded_lines": []}, "ToolSet.__repr__": {"executed_lines": [], "summary": {"covered_lines": 0, "num_statements": 1, "percent_covered": 0.0, "percent_covered_display": "0", "missing_lines": 1, "excluded_lines": 0}, "missing_lines": [267], "excluded_lines": []}, "ToolSet.__str__": {"executed_lines": [], "summary": {"covered_lines": 0, "num_statements": 1, "percent_covered": 0.0, "percent_covered_display": "0", "missing_lines": 1, "excluded_lines": 0}, "missing_lines": [270], "excluded_lines": []}, "": {"executed_lines": [1, 2, 3, 5, 7, 10, 11, 12, 14, 15, 16, 17, 18, 19, 20, 24, 25, 27, 28, 31, 32, 33, 34, 36, 39, 51, 52, 58, 61, 65, 74, 78, 85, 86, 111, 112, 116, 117, 121, 122, 126, 146, 162, 241, 242, 245, 246, 249, 250, 253, 257, 260, 263, 266, 269], "summary": {"covered_lines": 53, "num_statements": 53, "percent_covered": 100.0, "percent_covered_display": "100", "missing_lines": 0, "excluded_lines": 0}, "missing_lines": [], "excluded_lines": []}}, "classes": {"FunctionTool": {"executed_lines": [], "summary": {"covered_lines": 0, "num_statements": 2, "percent_covered": 0.0, "percent_covered_display": "0", "missing_lines": 2, "excluded_lines": 0}, "missing_lines": [37, 41], "excluded_lines": []}, "ToolSet": {"executed_lines": [], "summary": {"covered_lines": 0, "num_statements": 80, "percent_covered": 0.0, "percent_covered_display": "0", "missing_lines": 80, "excluded_lines": 0}, "missing_lines": [59, 63, 68, 69, 70, 71, 72, 76, 80, 81, 82, 83, 94, 98, 99, 103, 109, 114, 119, 124, 128, 129, 130, 138, 141, 143, 144, 148, 149, 150, 151, 152, 153, 154, 159, 160, 165, 167, 176, 182, 183, 185, 187, 188, 189, 193, 195, 197, 208, 210, 211, 212, 213, 214, 215, 216, 218, 219, 221, 222, 224, 226, 227, 228, 232, 233, 234, 236, 237, 238, 239, 243, 247, 251, 255, 258, 261, 264, 267, 270], "excluded_lines": []}, "": {"executed_lines": [1, 2, 3, 5, 7, 10, 11, 12, 14, 15, 16, 17, 18, 19, 20, 24, 25, 27, 28, 31, 32, 33, 34, 36, 39, 51, 52, 58, 61, 65, 74, 78, 85, 86, 111, 112, 116, 117, 121, 122, 126, 146, 162, 241, 242, 245, 246, 249, 250, 253, 257, 260, 263, 266, 269], "summary": {"covered_lines": 53, "num_statements": 53, "percent_covered": 100.0, "percent_covered_display": "100", "missing_lines": 0, "excluded_lines": 0}, "missing_lines": [], "excluded_lines": []}}}, "astrbot/core/agent/tool_executor.py": {"executed_lines": [1, 2, 4, 6, 7, 10, 11, 12], "summary": {"covered_lines": 6, "num_statements": 6, "percent_covered": 100.0, "percent_covered_display": "100", "missing_lines": 0, "excluded_lines": 8}, "missing_lines": [], "excluded_lines": [11, 12, 13, 14, 15, 16, 17, 18], "functions": {"BaseFunctionToolExecutor.execute": {"executed_lines": [], "summary": {"covered_lines": 0, "num_statements": 0, "percent_covered": 100.0, "percent_covered_display": "100", "missing_lines": 0, "excluded_lines": 1}, "missing_lines": [], "excluded_lines": [17]}, "": {"executed_lines": [1, 2, 4, 6, 7, 10, 11, 12], "summary": {"covered_lines": 6, "num_statements": 6, "percent_covered": 100.0, "percent_covered_display": "100", "missing_lines": 0, "excluded_lines": 6}, "missing_lines": [], "excluded_lines": [11, 12, 13, 14, 15, 16]}}, "classes": {"BaseFunctionToolExecutor": {"executed_lines": [], "summary": {"covered_lines": 0, "num_statements": 0, "percent_covered": 100.0, "percent_covered_display": "100", "missing_lines": 0, "excluded_lines": 1}, "missing_lines": [], "excluded_lines": [17]}, "": {"executed_lines": [1, 2, 4, 6, 7, 10, 11, 12], "summary": {"covered_lines": 6, "num_statements": 6, "percent_covered": 100.0, "percent_covered_display": "100", "missing_lines": 0, "excluded_lines": 6}, "missing_lines": [], "excluded_lines": [11, 12, 13, 14, 15, 16]}}}, "astrbot/core/astr_agent_context.py": {"executed_lines": [1, 3, 4, 7, 8, 9, 10, 11, 12, 13], "summary": {"covered_lines": 10, "num_statements": 10, "percent_covered": 100.0, "percent_covered_display": "100", "missing_lines": 0, "excluded_lines": 0}, "missing_lines": [], "excluded_lines": [], "functions": {"": {"executed_lines": [1, 3, 4, 7, 8, 9, 10, 11, 12, 13], "summary": {"covered_lines": 10, "num_statements": 10, "percent_covered": 100.0, "percent_covered_display": "100", "missing_lines": 0, "excluded_lines": 0}, "missing_lines": [], "excluded_lines": []}}, "classes": {"AstrAgentContext": {"executed_lines": [], "summary": {"covered_lines": 0, "num_statements": 0, "percent_covered": 100.0, "percent_covered_display": "100", "missing_lines": 0, "excluded_lines": 0}, "missing_lines": [], "excluded_lines": []}, "": {"executed_lines": [1, 3, 4, 7, 8, 9, 10, 11, 12, 13], "summary": {"covered_lines": 10, "num_statements": 10, "percent_covered": 100.0, "percent_covered_display": "100", "missing_lines": 0, "excluded_lines": 0}, "missing_lines": [], "excluded_lines": []}}}, "astrbot/core/astrbot_config_mgr.py": {"executed_lines": [1, 2, 3, 5, 6, 7, 8, 9, 10, 11, 13, 16, 17, 19, 20, 21, 24, 31, 32, 34, 40, 41, 42, 43, 44, 45, 46, 48, 50, 51, 57, 59, 61, 62, 63, 75, 103, 124, 126, 127, 139, 140, 142, 144, 151, 163, 177, 231, 265], "summary": {"covered_lines": 47, "num_statements": 137, "percent_covered": 34.306569343065696, "percent_covered_display": "34", "missing_lines": 90, "excluded_lines": 0}, "missing_lines": [64, 65, 66, 67, 68, 70, 73, 83, 85, 86, 88, 89, 90, 91, 93, 94, 95, 96, 98, 99, 101, 110, 116, 117, 121, 122, 128, 129, 131, 133, 134, 135, 137, 146, 147, 149, 153, 154, 155, 156, 157, 158, 159, 160, 161, 168, 169, 170, 171, 172, 173, 174, 175, 190, 191, 194, 200, 201, 202, 205, 211, 212, 213, 214, 215, 216, 217, 220, 221, 224, 225, 226, 228, 229, 242, 243, 245, 251, 252, 253, 256, 257, 260, 261, 262, 263, 272, 273, 274, 275], "excluded_lines": [], "functions": {"AstrBotConfigManager.__init__": {"executed_lines": [40, 41, 42, 43, 44, 45, 46], "summary": {"covered_lines": 7, "num_statements": 7, "percent_covered": 100.0, "percent_covered_display": "100", "missing_lines": 0, "excluded_lines": 0}, "missing_lines": [], "excluded_lines": []}, "AstrBotConfigManager._get_abconf_data": {"executed_lines": [50, 51, 57], "summary": {"covered_lines": 3, "num_statements": 3, "percent_covered": 100.0, "percent_covered_display": "100", "missing_lines": 0, "excluded_lines": 0}, "missing_lines": [], "excluded_lines": []}, "AstrBotConfigManager._load_all_configs": {"executed_lines": [61, 62, 63], "summary": {"covered_lines": 3, "num_statements": 10, "percent_covered": 30.0, "percent_covered_display": "30", "missing_lines": 7, "excluded_lines": 0}, "missing_lines": [64, 65, 66, 67, 68, 70, 73], "excluded_lines": []}, "AstrBotConfigManager._load_conf_mapping": {"executed_lines": [], "summary": {"covered_lines": 0, "num_statements": 14, "percent_covered": 0.0, "percent_covered_display": "0", "missing_lines": 14, "excluded_lines": 0}, "missing_lines": [83, 85, 86, 88, 89, 90, 91, 93, 94, 95, 96, 98, 99, 101], "excluded_lines": []}, "AstrBotConfigManager._save_conf_mapping": {"executed_lines": [], "summary": {"covered_lines": 0, "num_statements": 5, "percent_covered": 0.0, "percent_covered_display": "0", "missing_lines": 5, "excluded_lines": 0}, "missing_lines": [110, 116, 117, 121, 122], "excluded_lines": []}, "AstrBotConfigManager.get_conf": {"executed_lines": [126, 127], "summary": {"covered_lines": 2, "num_statements": 9, "percent_covered": 22.22222222222222, "percent_covered_display": "22", "missing_lines": 7, "excluded_lines": 0}, "missing_lines": [128, 129, 131, 133, 134, 135, 137], "excluded_lines": []}, "AstrBotConfigManager.default_conf": {"executed_lines": [142], "summary": {"covered_lines": 1, "num_statements": 1, "percent_covered": 100.0, "percent_covered_display": "100", "missing_lines": 0, "excluded_lines": 0}, "missing_lines": [], "excluded_lines": []}, "AstrBotConfigManager.get_conf_info": {"executed_lines": [], "summary": {"covered_lines": 0, "num_statements": 3, "percent_covered": 0.0, "percent_covered_display": "0", "missing_lines": 3, "excluded_lines": 0}, "missing_lines": [146, 147, 149], "excluded_lines": []}, "AstrBotConfigManager.get_conf_list": {"executed_lines": [], "summary": {"covered_lines": 0, "num_statements": 9, "percent_covered": 0.0, "percent_covered_display": "0", "missing_lines": 9, "excluded_lines": 0}, "missing_lines": [153, 154, 155, 156, 157, 158, 159, 160, 161], "excluded_lines": []}, "AstrBotConfigManager.create_conf": {"executed_lines": [], "summary": {"covered_lines": 0, "num_statements": 8, "percent_covered": 0.0, "percent_covered_display": "0", "missing_lines": 8, "excluded_lines": 0}, "missing_lines": [168, 169, 170, 171, 172, 173, 174, 175], "excluded_lines": []}, "AstrBotConfigManager.delete_conf": {"executed_lines": [], "summary": {"covered_lines": 0, "num_statements": 21, "percent_covered": 0.0, "percent_covered_display": "0", "missing_lines": 21, "excluded_lines": 0}, "missing_lines": [190, 191, 194, 200, 201, 202, 205, 211, 212, 213, 214, 215, 216, 217, 220, 221, 224, 225, 226, 228, 229], "excluded_lines": []}, "AstrBotConfigManager.update_conf_info": {"executed_lines": [], "summary": {"covered_lines": 0, "num_statements": 12, "percent_covered": 0.0, "percent_covered_display": "0", "missing_lines": 12, "excluded_lines": 0}, "missing_lines": [242, 243, 245, 251, 252, 253, 256, 257, 260, 261, 262, 263], "excluded_lines": []}, "AstrBotConfigManager.g": {"executed_lines": [], "summary": {"covered_lines": 0, "num_statements": 4, "percent_covered": 0.0, "percent_covered_display": "0", "missing_lines": 4, "excluded_lines": 0}, "missing_lines": [272, 273, 274, 275], "excluded_lines": []}, "": {"executed_lines": [1, 2, 3, 5, 6, 7, 8, 9, 10, 11, 13, 16, 17, 19, 20, 21, 24, 31, 32, 34, 48, 59, 75, 103, 124, 139, 140, 144, 151, 163, 177, 231, 265], "summary": {"covered_lines": 31, "num_statements": 31, "percent_covered": 100.0, "percent_covered_display": "100", "missing_lines": 0, "excluded_lines": 0}, "missing_lines": [], "excluded_lines": []}}, "classes": {"ConfInfo": {"executed_lines": [], "summary": {"covered_lines": 0, "num_statements": 0, "percent_covered": 100.0, "percent_covered_display": "100", "missing_lines": 0, "excluded_lines": 0}, "missing_lines": [], "excluded_lines": []}, "AstrBotConfigManager": {"executed_lines": [40, 41, 42, 43, 44, 45, 46, 50, 51, 57, 61, 62, 63, 126, 127, 142], "summary": {"covered_lines": 16, "num_statements": 106, "percent_covered": 15.09433962264151, "percent_covered_display": "15", "missing_lines": 90, "excluded_lines": 0}, "missing_lines": [64, 65, 66, 67, 68, 70, 73, 83, 85, 86, 88, 89, 90, 91, 93, 94, 95, 96, 98, 99, 101, 110, 116, 117, 121, 122, 128, 129, 131, 133, 134, 135, 137, 146, 147, 149, 153, 154, 155, 156, 157, 158, 159, 160, 161, 168, 169, 170, 171, 172, 173, 174, 175, 190, 191, 194, 200, 201, 202, 205, 211, 212, 213, 214, 215, 216, 217, 220, 221, 224, 225, 226, 228, 229, 242, 243, 245, 251, 252, 253, 256, 257, 260, 261, 262, 263, 272, 273, 274, 275], "excluded_lines": []}, "": {"executed_lines": [1, 2, 3, 5, 6, 7, 8, 9, 10, 11, 13, 16, 17, 19, 20, 21, 24, 31, 32, 34, 48, 59, 75, 103, 124, 139, 140, 144, 151, 163, 177, 231, 265], "summary": {"covered_lines": 31, "num_statements": 31, "percent_covered": 100.0, "percent_covered_display": "100", "missing_lines": 0, "excluded_lines": 0}, "missing_lines": [], "excluded_lines": []}}}, "astrbot/core/config/__init__.py": {"executed_lines": [1, 2, 4], "summary": {"covered_lines": 3, "num_statements": 3, "percent_covered": 100.0, "percent_covered_display": "100", "missing_lines": 0, "excluded_lines": 0}, "missing_lines": [], "excluded_lines": [], "functions": {"": {"executed_lines": [1, 2, 4], "summary": {"covered_lines": 3, "num_statements": 3, "percent_covered": 100.0, "percent_covered_display": "100", "missing_lines": 0, "excluded_lines": 0}, "missing_lines": [], "excluded_lines": []}}, "classes": {"": {"executed_lines": [1, 2, 4], "summary": {"covered_lines": 3, "num_statements": 3, "percent_covered": 100.0, "percent_covered_display": "100", "missing_lines": 0, "excluded_lines": 0}, "missing_lines": [], "excluded_lines": []}}}, "astrbot/core/config/astrbot_config.py": {"executed_lines": [1, 2, 3, 4, 6, 8, 10, 11, 14, 15, 16, 19, 20, 27, 33, 36, 37, 38, 40, 43, 44, 45, 46, 47, 49, 50, 51, 54, 55, 56, 59, 61, 86, 88, 91, 94, 95, 101, 105, 107, 113, 118, 119, 122, 125, 126, 132, 140, 141, 143, 145, 150, 152, 153, 155, 161, 168, 169, 171, 172], "summary": {"covered_lines": 59, "num_statements": 100, "percent_covered": 59.0, "percent_covered_display": "59", "missing_lines": 41, "excluded_lines": 0}, "missing_lines": [41, 57, 63, 65, 66, 67, 68, 71, 72, 74, 76, 77, 78, 80, 82, 84, 97, 98, 99, 100, 103, 104, 109, 110, 127, 128, 129, 133, 134, 136, 137, 151, 156, 157, 158, 159, 162, 163, 164, 165, 166], "excluded_lines": [], "functions": {"AstrBotConfig.__init__": {"executed_lines": [33, 36, 37, 38, 40, 43, 44, 45, 46, 47, 49, 50, 51, 54, 55, 56, 59], "summary": {"covered_lines": 17, "num_statements": 19, "percent_covered": 89.47368421052632, "percent_covered_display": "89", "missing_lines": 2, "excluded_lines": 0}, "missing_lines": [41, 57], "excluded_lines": []}, "AstrBotConfig._config_schema_to_default_config": {"executed_lines": [], "summary": {"covered_lines": 0, "num_statements": 4, "percent_covered": 0.0, "percent_covered_display": "0", "missing_lines": 4, "excluded_lines": 0}, "missing_lines": [63, 65, 82, 84], "excluded_lines": []}, "AstrBotConfig._config_schema_to_default_config._parse_schema": {"executed_lines": [], "summary": {"covered_lines": 0, "num_statements": 10, "percent_covered": 0.0, "percent_covered_display": "0", "missing_lines": 10, "excluded_lines": 0}, "missing_lines": [66, 67, 68, 71, 72, 74, 76, 77, 78, 80], "excluded_lines": []}, "AstrBotConfig.check_config_integrity": {"executed_lines": [88, 91, 94, 95, 101, 105, 107, 113, 118, 119, 122, 125, 126, 132, 140, 141, 143], "summary": {"covered_lines": 17, "num_statements": 32, "percent_covered": 53.125, "percent_covered_display": "53", "missing_lines": 15, "excluded_lines": 0}, "missing_lines": [97, 98, 99, 100, 103, 104, 109, 110, 127, 128, 129, 133, 134, 136, 137], "excluded_lines": []}, "AstrBotConfig.save_config": {"executed_lines": [150, 152, 153], "summary": {"covered_lines": 3, "num_statements": 4, "percent_covered": 75.0, "percent_covered_display": "75", "missing_lines": 1, "excluded_lines": 0}, "missing_lines": [151], "excluded_lines": []}, "AstrBotConfig.__getattr__": {"executed_lines": [], "summary": {"covered_lines": 0, "num_statements": 4, "percent_covered": 0.0, "percent_covered_display": "0", "missing_lines": 4, "excluded_lines": 0}, "missing_lines": [156, 157, 158, 159], "excluded_lines": []}, "AstrBotConfig.__delattr__": {"executed_lines": [], "summary": {"covered_lines": 0, "num_statements": 5, "percent_covered": 0.0, "percent_covered_display": "0", "missing_lines": 5, "excluded_lines": 0}, "missing_lines": [162, 163, 164, 165, 166], "excluded_lines": []}, "AstrBotConfig.__setattr__": {"executed_lines": [169], "summary": {"covered_lines": 1, "num_statements": 1, "percent_covered": 100.0, "percent_covered_display": "100", "missing_lines": 0, "excluded_lines": 0}, "missing_lines": [], "excluded_lines": []}, "AstrBotConfig.check_exist": {"executed_lines": [172], "summary": {"covered_lines": 1, "num_statements": 1, "percent_covered": 100.0, "percent_covered_display": "100", "missing_lines": 0, "excluded_lines": 0}, "missing_lines": [], "excluded_lines": []}, "": {"executed_lines": [1, 2, 3, 4, 6, 8, 10, 11, 14, 15, 16, 19, 20, 27, 61, 86, 145, 155, 161, 168, 171], "summary": {"covered_lines": 20, "num_statements": 20, "percent_covered": 100.0, "percent_covered_display": "100", "missing_lines": 0, "excluded_lines": 0}, "missing_lines": [], "excluded_lines": []}}, "classes": {"RateLimitStrategy": {"executed_lines": [], "summary": {"covered_lines": 0, "num_statements": 0, "percent_covered": 100.0, "percent_covered_display": "100", "missing_lines": 0, "excluded_lines": 0}, "missing_lines": [], "excluded_lines": []}, "AstrBotConfig": {"executed_lines": [33, 36, 37, 38, 40, 43, 44, 45, 46, 47, 49, 50, 51, 54, 55, 56, 59, 88, 91, 94, 95, 101, 105, 107, 113, 118, 119, 122, 125, 126, 132, 140, 141, 143, 150, 152, 153, 169, 172], "summary": {"covered_lines": 39, "num_statements": 80, "percent_covered": 48.75, "percent_covered_display": "49", "missing_lines": 41, "excluded_lines": 0}, "missing_lines": [41, 57, 63, 65, 66, 67, 68, 71, 72, 74, 76, 77, 78, 80, 82, 84, 97, 98, 99, 100, 103, 104, 109, 110, 127, 128, 129, 133, 134, 136, 137, 151, 156, 157, 158, 159, 162, 163, 164, 165, 166], "excluded_lines": []}, "": {"executed_lines": [1, 2, 3, 4, 6, 8, 10, 11, 14, 15, 16, 19, 20, 27, 61, 86, 145, 155, 161, 168, 171], "summary": {"covered_lines": 20, "num_statements": 20, "percent_covered": 100.0, "percent_covered_display": "100", "missing_lines": 0, "excluded_lines": 0}, "missing_lines": [], "excluded_lines": []}}}, "astrbot/core/config/default.py": {"executed_lines": [1, 3, 5, 7, 8, 11, 144, 2114, 2634, 2714], "summary": {"covered_lines": 9, "num_statements": 9, "percent_covered": 100.0, "percent_covered_display": "100", "missing_lines": 0, "excluded_lines": 0}, "missing_lines": [], "excluded_lines": [], "functions": {"": {"executed_lines": [1, 3, 5, 7, 8, 11, 144, 2114, 2634, 2714], "summary": {"covered_lines": 9, "num_statements": 9, "percent_covered": 100.0, "percent_covered_display": "100", "missing_lines": 0, "excluded_lines": 0}, "missing_lines": [], "excluded_lines": []}}, "classes": {"": {"executed_lines": [1, 3, 5, 7, 8, 11, 144, 2114, 2634, 2714], "summary": {"covered_lines": 9, "num_statements": 9, "percent_covered": 100.0, "percent_covered_display": "100", "missing_lines": 0, "excluded_lines": 0}, "missing_lines": [], "excluded_lines": []}}}, "astrbot/core/conversation_mgr.py": {"executed_lines": [1, 7, 8, 10, 11, 12, 15, 16, 18, 19, 20, 21, 24, 26, 41, 58, 73, 107, 118, 139, 153, 169, 195, 219, 251, 278, 300, 322], "summary": {"covered_lines": 26, "num_statements": 116, "percent_covered": 22.413793103448278, "percent_covered_display": "22", "missing_lines": 90, "excluded_lines": 0}, "missing_lines": [39, 48, 49, 50, 51, 52, 54, 60, 61, 62, 89, 91, 92, 93, 94, 95, 96, 103, 104, 105, 115, 116, 130, 131, 132, 133, 134, 135, 136, 137, 146, 147, 148, 151, 162, 163, 164, 165, 166, 167, 185, 186, 188, 189, 190, 191, 192, 193, 209, 213, 214, 215, 216, 217, 238, 245, 246, 247, 248, 249, 267, 269, 270, 271, 294, 316, 338, 339, 340, 341, 345, 346, 347, 348, 349, 350, 351, 352, 353, 354, 358, 360, 361, 362, 365, 368, 369, 370, 371, 373], "excluded_lines": [], "functions": {"ConversationManager.__init__": {"executed_lines": [19, 20, 21, 24], "summary": {"covered_lines": 4, "num_statements": 4, "percent_covered": 100.0, "percent_covered_display": "100", "missing_lines": 0, "excluded_lines": 0}, "missing_lines": [], "excluded_lines": []}, "ConversationManager.register_on_session_deleted": {"executed_lines": [], "summary": {"covered_lines": 0, "num_statements": 1, "percent_covered": 0.0, "percent_covered_display": "0", "missing_lines": 1, "excluded_lines": 0}, "missing_lines": [39], "excluded_lines": []}, "ConversationManager._trigger_session_deleted": {"executed_lines": [], "summary": {"covered_lines": 0, "num_statements": 6, "percent_covered": 0.0, "percent_covered_display": "0", "missing_lines": 6, "excluded_lines": 0}, "missing_lines": [48, 49, 50, 51, 52, 54], "excluded_lines": []}, "ConversationManager._convert_conv_from_v2_to_v1": {"executed_lines": [], "summary": {"covered_lines": 0, "num_statements": 3, "percent_covered": 0.0, "percent_covered_display": "0", "missing_lines": 3, "excluded_lines": 0}, "missing_lines": [60, 61, 62], "excluded_lines": []}, "ConversationManager.new_conversation": {"executed_lines": [], "summary": {"covered_lines": 0, "num_statements": 10, "percent_covere
[...]
2, 56, 57, 58, 59, 60, 61, 62, 63, 64, 65, 74, 75, 76, 77, 78, 79, 83, 85, 86, 88, 95, 96, 97, 98, 99, 100, 101, 102, 103, 104, 105, 106, 107, 108, 110, 114, 115, 116, 118, 119, 120, 121, 129, 130, 131, 135, 136, 142, 143, 144, 147, 148, 149, 150, 155, 156, 160, 161, 162, 166, 167, 173, 174, 175, 178, 179, 180, 181, 184, 188, 208, 209, 210, 212, 213, 214, 216, 217, 218, 219, 220, 221, 222, 223, 224, 225, 226, 228, 229, 231, 234, 235, 236, 237, 241, 242, 245, 246, 255, 256, 266, 267, 296, 297, 298, 299, 300, 303, 307, 308, 309, 311, 312, 313, 315, 316, 318, 319, 320, 321, 322, 323, 325, 326, 327, 329, 330, 331, 332, 333, 334, 336, 337, 338, 354, 355, 356, 358, 359, 360, 361, 362, 366, 367, 368, 369, 370, 371, 372, 373, 374, 383, 384, 385, 386, 388, 389, 390, 391, 393, 394, 396, 398, 399, 400, 402, 403, 404, 405, 406, 407, 408, 409, 410, 411, 412, 413, 414, 415, 416, 417, 418, 419, 420, 421, 422, 423, 424, 425, 426, 427, 428, 429, 430, 431, 432, 433, 434, 435], "excluded_lines": [], "functions": {"Main.__init__": {"executed_lines": [27, 28, 29, 32, 33, 34, 35, 36, 46, 47, 48], "summary": {"covered_lines": 11, "num_statements": 16, "percent_covered": 68.75, "percent_covered_display": "69", "missing_lines": 5, "excluded_lines": 0}, "missing_lines": [37, 40, 41, 43, 44], "excluded_lines": []}, "Main._tidy_text": {"executed_lines": [], "summary": {"covered_lines": 0, "num_statements": 1, "percent_covered": 0.0, "percent_covered_display": "0", "missing_lines": 1, "excluded_lines": 0}, "missing_lines": [52], "excluded_lines": []}, "Main._get_from_url": {"executed_lines": [], "summary": {"covered_lines": 0, "num_statements": 10, "percent_covered": 0.0, "percent_covered_display": "0", "missing_lines": 10, "excluded_lines": 0}, "missing_lines": [56, 57, 58, 59, 60, 61, 62, 63, 64, 65], "excluded_lines": []}, "Main._process_search_result": {"executed_lines": [], "summary": {"covered_lines": 0, "num_statements": 10, "percent_covered": 0.0, "percent_covered_display": "0", "missing_lines": 10, "excluded_lines": 0}, "missing_lines": [74, 75, 76, 77, 78, 79, 83, 85, 86, 88], "excluded_lines": []}, "Main._web_search_default": {"executed_lines": [], "summary": {"covered_lines": 0, "num_statements": 15, "percent_covered": 0.0, "percent_covered_display": "0", "missing_lines": 15, "excluded_lines": 0}, "missing_lines": [95, 96, 97, 98, 99, 100, 101, 102, 103, 104, 105, 106, 107, 108, 110], "excluded_lines": []}, "Main._get_tavily_key": {"executed_lines": [], "summary": {"covered_lines": 0, "num_statements": 7, "percent_covered": 0.0, "percent_covered_display": "0", "missing_lines": 7, "excluded_lines": 0}, "missing_lines": [114, 115, 116, 118, 119, 120, 121], "excluded_lines": []}, "Main._web_search_tavily": {"executed_lines": [], "summary": {"covered_lines": 0, "num_statements": 14, "percent_covered": 0.0, "percent_covered_display": "0", "missing_lines": 14, "excluded_lines": 0}, "missing_lines": [129, 130, 131, 135, 136, 142, 143, 144, 147, 148, 149, 150, 155, 156], "excluded_lines": []}, "Main._extract_tavily": {"executed_lines": [], "summary": {"covered_lines": 0, "num_statements": 13, "percent_covered": 0.0, "percent_covered_display": "0", "missing_lines": 13, "excluded_lines": 0}, "missing_lines": [160, 161, 162, 166, 167, 173, 174, 175, 178, 179, 180, 181, 184], "excluded_lines": []}, "Main.websearch": {"executed_lines": [], "summary": {"covered_lines": 0, "num_statements": 1, "percent_covered": 0.0, "percent_covered_display": "0", "missing_lines": 1, "excluded_lines": 0}, "missing_lines": [188], "excluded_lines": []}, "Main.search_from_search_engine": {"executed_lines": [], "summary": {"covered_lines": 0, "num_statements": 20, "percent_covered": 0.0, "percent_covered_display": "0", "missing_lines": 20, "excluded_lines": 0}, "missing_lines": [208, 209, 210, 212, 213, 214, 216, 217, 218, 219, 220, 221, 222, 223, 224, 225, 226, 228, 229, 231], "excluded_lines": []}, "Main.ensure_baidu_ai_search_mcp": {"executed_lines": [], "summary": {"covered_lines": 0, "num_statements": 10, "percent_covered": 0.0, "percent_covered_display": "0", "missing_lines": 10, "excluded_lines": 0}, "missing_lines": [234, 235, 236, 237, 241, 242, 245, 246, 255, 256], "excluded_lines": []}, "Main.fetch_website_content": {"executed_lines": [], "summary": {"covered_lines": 0, "num_statements": 2, "percent_covered": 0.0, "percent_covered_display": "0", "missing_lines": 2, "excluded_lines": 0}, "missing_lines": [266, 267], "excluded_lines": []}, "Main.search_from_tavily": {"executed_lines": [], "summary": {"covered_lines": 0, "num_statements": 32, "percent_covered": 0.0, "percent_covered_display": "0", "missing_lines": 32, "excluded_lines": 0}, "missing_lines": [296, 297, 298, 299, 300, 303, 307, 308, 309, 311, 312, 313, 315, 316, 318, 319, 320, 321, 322, 323, 325, 326, 327, 329, 330, 331, 332, 333, 334, 336, 337, 338], "excluded_lines": []}, "Main.tavily_extract_web_page": {"executed_lines": [], "summary": {"covered_lines": 0, "num_statements": 17, "percent_covered": 0.0, "percent_covered_display": "0", "missing_lines": 17, "excluded_lines": 0}, "missing_lines": [354, 355, 356, 358, 359, 360, 361, 362, 366, 367, 368, 369, 370, 371, 372, 373, 374], "excluded_lines": []}, "Main.edit_web_search_tools": {"executed_lines": [], "summary": {"covered_lines": 0, "num_statements": 48, "percent_covered": 0.0, "percent_covered_display": "0", "missing_lines": 48, "excluded_lines": 0}, "missing_lines": [383, 384, 385, 386, 388, 389, 390, 391, 393, 394, 396, 398, 399, 400, 402, 403, 404, 405, 406, 407, 408, 409, 410, 411, 412, 413, 414, 415, 416, 417, 418, 419, 420, 421, 422, 423, 424, 425, 426, 427, 428, 429, 430, 431, 432, 433, 434, 435], "excluded_lines": []}, "": {"executed_lines": [1, 2, 4, 5, 6, 8, 9, 10, 11, 13, 14, 15, 18, 19, 26, 50, 54, 67, 90, 112, 123, 158, 186, 187, 194, 195, 233, 258, 259, 269, 270, 340, 341, 376, 377], "summary": {"covered_lines": 35, "num_statements": 35, "percent_covered": 100.0, "percent_covered_display": "100", "missing_lines": 0, "excluded_lines": 0}, "missing_lines": [], "excluded_lines": []}}, "classes": {"Main": {"executed_lines": [27, 28, 29, 32, 33, 34, 35, 36, 46, 47, 48], "summary": {"covered_lines": 11, "num_statements": 216, "percent_covered": 5.092592592592593, "percent_covered_display": "5", "missing_lines": 205, "excluded_lines": 0}, "missing_lines": [37, 40, 41, 43, 44, 52, 56, 57, 58, 59, 60, 61, 62, 63, 64, 65, 74, 75, 76, 77, 78, 79, 83, 85, 86, 88, 95, 96, 97, 98, 99, 100, 101, 102, 103, 104, 105, 106, 107, 108, 110, 114, 115, 116, 118, 119, 120, 121, 129, 130, 131, 135, 136, 142, 143, 144, 147, 148, 149, 150, 155, 156, 160, 161, 162, 166, 167, 173, 174, 175, 178, 179, 180, 181, 184, 188, 208, 209, 210, 212, 213, 214, 216, 217, 218, 219, 220, 221, 222, 223, 224, 225, 226, 228, 229, 231, 234, 235, 236, 237, 241, 242, 245, 246, 255, 256, 266, 267, 296, 297, 298, 299, 300, 303, 307, 308, 309, 311, 312, 313, 315, 316, 318, 319, 320, 321, 322, 323, 325, 326, 327, 329, 330, 331, 332, 333, 334, 336, 337, 338, 354, 355, 356, 358, 359, 360, 361, 362, 366, 367, 368, 369, 370, 371, 372, 373, 374, 383, 384, 385, 386, 388, 389, 390, 391, 393, 394, 396, 398, 399, 400, 402, 403, 404, 405, 406, 407, 408, 409, 410, 411, 412, 413, 414, 415, 416, 417, 418, 419, 420, 421, 422, 423, 424, 425, 426, 427, 428, 429, 430, 431, 432, 433, 434, 435], "excluded_lines": []}, "": {"executed_lines": [1, 2, 4, 5, 6, 8, 9, 10, 11, 13, 14, 15, 18, 19, 26, 50, 54, 67, 90, 112, 123, 158, 186, 187, 194, 195, 233, 258, 259, 269, 270, 340, 341, 376, 377], "summary": {"covered_lines": 35, "num_statements": 35, "percent_covered": 100.0, "percent_covered_display": "100", "missing_lines": 0, "excluded_lines": 0}, "missing_lines": [], "excluded_lines": []}}}, "tests/test_dashboard.py": {"executed_lines": [1, 2, 4, 5, 6, 8, 9, 10, 11, 12, 13, 16, 17, 19, 20, 21, 22, 23, 24, 27, 28, 30, 32, 33, 36, 37, 39, 40, 47, 48, 49, 50, 53, 54, 56, 57, 61, 62, 64, 71, 72, 75, 76, 77, 78, 79, 80, 81, 82, 83, 86, 87, 88, 90, 91, 92, 93, 96, 100, 101, 102, 153, 154, 155, 156, 157, 158, 159, 162, 163, 170, 173, 174, 176, 178, 180, 182, 184, 186, 188, 189, 193, 198, 203, 204, 205, 206], "summary": {"covered_lines": 87, "num_statements": 117, "percent_covered": 74.35897435897436, "percent_covered_display": "74", "missing_lines": 30, "excluded_lines": 0}, "missing_lines": [105, 110, 111, 112, 113, 114, 115, 116, 117, 118, 121, 126, 127, 128, 131, 136, 137, 138, 139, 140, 141, 142, 143, 144, 145, 146, 147, 148, 149, 150], "excluded_lines": [], "functions": {"core_lifecycle_td": {"executed_lines": [19, 20, 21, 22, 23, 24], "summary": {"covered_lines": 6, "num_statements": 6, "percent_covered": 100.0, "percent_covered_display": "100", "missing_lines": 0, "excluded_lines": 0}, "missing_lines": [], "excluded_lines": []}, "app": {"executed_lines": [30, 32, 33], "summary": {"covered_lines": 3, "num_statements": 3, "percent_covered": 100.0, "percent_covered_display": "100", "missing_lines": 0, "excluded_lines": 0}, "missing_lines": [], "excluded_lines": []}, "authenticated_header": {"executed_lines": [39, 40, 47, 48, 49, 50], "summary": {"covered_lines": 6, "num_statements": 6, "percent_covered": 100.0, "percent_covered_display": "100", "missing_lines": 0, "excluded_lines": 0}, "missing_lines": [], "excluded_lines": []}, "test_auth_login": {"executed_lines": [56, 57, 61, 62, 64, 71, 72], "summary": {"covered_lines": 7, "num_statements": 7, "percent_covered": 100.0, "percent_covered_display": "100", "missing_lines": 0, "excluded_lines": 0}, "missing_lines": [], "excluded_lines": []}, "test_get_stat": {"executed_lines": [77, 78, 79, 80, 81, 82, 83], "summary": {"covered_lines": 7, "num_statements": 7, "percent_covered": 100.0, "percent_covered_display": "100", "missing_lines": 0, "excluded_lines": 0}, "missing_lines": [], "excluded_lines": []}, "test_plugins": {"executed_lines": [88, 90, 91, 92, 93, 96, 100, 101, 102], "summary": {"covered_lines": 9, "num_statements": 39, "percent_covered": 23.076923076923077, "percent_covered_display": "23", "missing_lines": 30, "excluded_lines": 0}, "missing_lines": [105, 110, 111, 112, 113, 114, 115, 116, 117, 118, 121, 126, 127, 128, 131, 136, 137, 138, 139, 140, 141, 142, 143, 144, 145, 146, 147, 148, 149, 150], "excluded_lines": []}, "test_check_update": {"executed_lines": [155, 156, 157, 158, 159], "summary": {"covered_lines": 5, "num_statements": 5, "percent_covered": 100.0, "percent_covered_display": "100", "missing_lines": 0, "excluded_lines": 0}, "missing_lines": [], "excluded_lines": []}, "test_do_update": {"executed_lines": [170, 173, 174, 176, 180, 184, 188, 189, 193, 198, 203, 204, 205, 206], "summary": {"covered_lines": 14, "num_statements": 14, "percent_covered": 100.0, "percent_covered_display": "100", "missing_lines": 0, "excluded_lines": 0}, "missing_lines": [], "excluded_lines": []}, "test_do_update.mock_update": {"executed_lines": [178], "summary": {"covered_lines": 1, "num_statements": 1, "percent_covered": 100.0, "percent_covered_display": "100", "missing_lines": 0, "excluded_lines": 0}, "missing_lines": [], "excluded_lines": []}, "test_do_update.mock_download_dashboard": {"executed_lines": [182], "summary": {"covered_lines": 1, "num_statements": 1, "percent_covered": 100.0, "percent_covered_display": "100", "missing_lines": 0, "excluded_lines": 0}, "missing_lines": [], "excluded_lines": []}, "test_do_update.mock_pip_install": {"executed_lines": [186], "summary": {"covered_lines": 1, "num_statements": 1, "percent_covered": 100.0, "percent_covered_display": "100", "missing_lines": 0, "excluded_lines": 0}, "missing_lines": [], "excluded_lines": []}, "": {"executed_lines": [1, 2, 4, 5, 6, 8, 9, 10, 11, 12, 13, 16, 17, 27, 28, 36, 37, 53, 54, 75, 76, 86, 87, 153, 154, 162, 163], "summary": {"covered_lines": 27, "num_statements": 27, "percent_covered": 100.0, "percent_covered_display": "100", "missing_lines": 0, "excluded_lines": 0}, "missing_lines": [], "excluded_lines": []}}, "classes": {"": {"executed_lines": [1, 2, 4, 5, 6, 8, 9, 10, 11, 12, 13, 16, 17, 19, 20, 21, 22, 23, 24, 27, 28, 30, 32, 33, 36, 37, 39, 40, 47, 48, 49, 50, 53, 54, 56, 57, 61, 62, 64, 71, 72, 75, 76, 77, 78, 79, 80, 81, 82, 83, 86, 87, 88, 90, 91, 92, 93, 96, 100, 101, 102, 153, 154, 155, 156, 157, 158, 159, 162, 163, 170, 173, 174, 176, 178, 180, 182, 184, 186, 188, 189, 193, 198, 203, 204, 205, 206], "summary": {"covered_lines": 87, "num_statements": 117, "percent_covered": 74.35897435897436, "percent_covered_display": "74", "missing_lines": 30, "excluded_lines": 0}, "missing_lines": [105, 110, 111, 112, 113, 114, 115, 116, 117, 118, 121, 126, 127, 128, 131, 136, 137, 138, 139, 140, 141, 142, 143, 144, 145, 146, 147, 148, 149, 150], "excluded_lines": []}}}, "tests/test_main.py": {"executed_lines": [1, 2, 5, 7, 9, 11, 14, 15, 16, 17, 20, 21, 22, 23, 24, 25, 26, 27, 28, 30, 31, 32, 35, 36, 38, 40, 41, 42, 45, 46, 49, 52, 54, 56, 58, 59, 61, 64, 65, 67, 69, 70, 72, 73, 74, 75, 76, 79, 80, 82, 83, 85, 86, 87, 88, 89, 90], "summary": {"covered_lines": 57, "num_statements": 57, "percent_covered": 100.0, "percent_covered_display": "100", "missing_lines": 0, "excluded_lines": 0}, "missing_lines": [], "excluded_lines": [], "functions": {"_version_info.__init__": {"executed_lines": [16, 17], "summary": {"covered_lines": 2, "num_statements": 2, "percent_covered": 100.0, "percent_covered_display": "100", "missing_lines": 0, "excluded_lines": 0}, "missing_lines": [], "excluded_lines": []}, "test_check_env": {"executed_lines": [21, 22, 23, 24, 25, 26, 27, 28, 30, 31, 32], "summary": {"covered_lines": 11, "num_statements": 11, "percent_covered": 100.0, "percent_covered_display": "100", "missing_lines": 0, "excluded_lines": 0}, "missing_lines": [], "excluded_lines": []}, "test_check_dashboard_files_not_exists": {"executed_lines": [38, 40, 41, 42], "summary": {"covered_lines": 4, "num_statements": 4, "percent_covered": 100.0, "percent_covered_display": "100", "missing_lines": 0, "excluded_lines": 0}, "missing_lines": [], "excluded_lines": []}, "test_check_dashboard_files_exists_and_version_match": {"executed_lines": [49, 52, 54, 56, 58, 59, 61], "summary": {"covered_lines": 7, "num_statements": 7, "percent_covered": 100.0, "percent_covered_display": "100", "missing_lines": 0, "excluded_lines": 0}, "missing_lines": [], "excluded_lines": []}, "test_check_dashboard_files_exists_but_version_mismatch": {"executed_lines": [67, 69, 70, 72, 73, 74, 75, 76], "summary": {"covered_lines": 8, "num_statements": 8, "percent_covered": 100.0, "percent_covered_display": "100", "missing_lines": 0, "excluded_lines": 0}, "missing_lines": [], "excluded_lines": []}, "test_check_dashboard_files_with_webui_dir_arg": {"executed_lines": [82, 83, 85, 86, 87, 88, 89, 90], "summary": {"covered_lines": 8, "num_statements": 8, "percent_covered": 100.0, "percent_covered_display": "100", "missing_lines": 0, "excluded_lines": 0}, "missing_lines": [], "excluded_lines": []}, "": {"executed_lines": [1, 2, 5, 7, 9, 11, 14, 15, 20, 35, 36, 45, 46, 64, 65, 79, 80], "summary": {"covered_lines": 17, "num_statements": 17, "percent_covered": 100.0, "percent_covered_display": "100", "missing_lines": 0, "excluded_lines": 0}, "missing_lines": [], "excluded_lines": []}}, "classes": {"_version_info": {"executed_lines": [16, 17], "summary": {"covered_lines": 2, "num_statements": 2, "percent_covered": 100.0, "percent_covered_display": "100", "missing_lines": 0, "excluded_lines": 0}, "missing_lines": [], "excluded_lines": []}, "": {"executed_lines": [1, 2, 5, 7, 9, 11, 14, 15, 20, 21, 22, 23, 24, 25, 26, 27, 28, 30, 31, 32, 35, 36, 38, 40, 41, 42, 45, 46, 49, 52, 54, 56, 58, 59, 61, 64, 65, 67, 69, 70, 72, 73, 74, 75, 76, 79, 80, 82, 83, 85, 86, 87, 88, 89, 90], "summary": {"covered_lines": 55, "num_statements": 55, "percent_covered": 100.0, "percent_covered_display": "100", "missing_lines": 0, "excluded_lines": 0}, "missing_lines": [], "excluded_lines": []}}}, "tests/test_plugin_manager.py": {"executed_lines": [1, 2, 3, 5, 7, 8, 9, 10, 11, 12, 15, 16, 23, 24, 25, 28, 29, 30, 33, 36, 37, 38, 39, 40, 41, 43, 60, 66, 67, 73, 74, 90, 91, 99, 100, 110, 111, 117, 118, 144, 145], "summary": {"covered_lines": 41, "num_statements": 72, "percent_covered": 56.94444444444444, "percent_covered_display": "57", "missing_lines": 31, "excluded_lines": 0}, "missing_lines": [56, 57, 61, 62, 63, 68, 69, 70, 76, 77, 78, 83, 84, 85, 93, 94, 103, 104, 107, 113, 114, 121, 122, 123, 127, 130, 132, 133, 136, 147, 148], "excluded_lines": [], "functions": {"plugin_manager_pm": {"executed_lines": [23, 24, 25, 28, 29, 30, 33, 36, 37, 38, 39, 40, 41, 43], "summary": {"covered_lines": 14, "num_statements": 16, "percent_covered": 87.5, "percent_covered_display": "88", "missing_lines": 2, "excluded_lines": 0}, "missing_lines": [56, 57], "excluded_lines": []}, "test_plugin_manager_initialization": {"executed_lines": [], "summary": {"covered_lines": 0, "num_statements": 3, "percent_covered": 0.0, "percent_covered_display": "0", "missing_lines": 3, "excluded_lines": 0}, "missing_lines": [61, 62, 63], "excluded_lines": []}, "test_plugin_manager_reload": {"executed_lines": [], "summary": {"covered_lines": 0, "num_statements": 3, "percent_covered": 0.0, "percent_covered_display": "0", "missing_lines": 3, "excluded_lines": 0}, "missing_lines": [68, 69, 70], "excluded_lines": []}, "test_install_plugin": {"executed_lines": [], "summary": {"covered_lines": 0, "num_statements": 6, "percent_covered": 0.0, "percent_covered_display": "0", "missing_lines": 6, "excluded_lines": 0}, "missing_lines": [76, 77, 78, 83, 84, 85], "excluded_lines": []}, "test_install_nonexistent_plugin": {"executed_lines": [], "summary": {"covered_lines": 0, "num_statements": 2, "percent_covered": 0.0, "percent_covered_display": "0", "missing_lines": 2, "excluded_lines": 0}, "missing_lines": [93, 94], "excluded_lines": []}, "test_update_plugin": {"executed_lines": [], "summary": {"covered_lines": 0, "num_statements": 3, "percent_covered": 0.0, "percent_covered_display": "0", "missing_lines": 3, "excluded_lines": 0}, "missing_lines": [103, 104, 107], "excluded_lines": []}, "test_update_nonexistent_plugin": {"executed_lines": [], "summary": {"covered_lines": 0, "num_statements": 2, "percent_covered": 0.0, "percent_covered_display": "0", "missing_lines": 2, "excluded_lines": 0}, "missing_lines": [113, 114], "excluded_lines": []}, "test_uninstall_plugin": {"executed_lines": [], "summary": {"covered_lines": 0, "num_statements": 8, "percent_covered": 0.0, "percent_covered_display": "0", "missing_lines": 8, "excluded_lines": 0}, "missing_lines": [121, 122, 123, 127, 130, 132, 133, 136], "excluded_lines": []}, "test_uninstall_nonexistent_plugin": {"executed_lines": [], "summary": {"covered_lines": 0, "num_statements": 2, "percent_covered": 0.0, "percent_covered_display": "0", "missing_lines": 2, "excluded_lines": 0}, "missing_lines": [147, 148], "excluded_lines": []}, "": {"executed_lines": [1, 2, 3, 5, 7, 8, 9, 10, 11, 12, 15, 16, 60, 66, 67, 73, 74, 90, 91, 99, 100, 110, 111, 117, 118, 144, 145], "summary": {"covered_lines": 27, "num_statements": 27, "percent_covered": 100.0, "percent_covered_display": "100", "missing_lines": 0, "excluded_lines": 0}, "missing_lines": [], "excluded_lines": []}}, "classes": {"": {"executed_lines": [1, 2, 3, 5, 7, 8, 9, 10, 11, 12, 15, 16, 23, 24, 25, 28, 29, 30, 33, 36, 37, 38, 39, 40, 41, 43, 60, 66, 67, 73, 74, 90, 91, 99, 100, 110, 111, 117, 118, 144, 145], "summary": {"covered_lines": 41, "num_statements": 72, "percent_covered": 56.94444444444444, "percent_covered_display": "57", "missing_lines": 31, "excluded_lines": 0}, "missing_lines": [56, 57, 61, 62, 63, 68, 69, 70, 76, 77, 78, 83, 84, 85, 93, 94, 103, 104, 107, 113, 114, 121, 122, 123, 127, 130, 132, 133, 136, 147, 148], "excluded_lines": []}}}}, "totals": {"covered_lines": 5414, "num_statements": 17084, "percent_covered": 31.690470615780846, "percent_covered_display": "32", "missing_lines": 11670, "excluded_lines": 149}}